{"/Users/ny/cosc 4353/kiwecare/volunteer-application/backend/controllers/authController.js": {"path":"/Users/ny/cosc 4353/kiwecare/volunteer-application/backend/controllers/authController.js","statementMap":{"0":{"start":{"line":1,"column":11},"end":{"line":1,"column":24}},"1":{"start":{"line":2,"column":13},"end":{"line":2,"column":28}},"2":{"start":{"line":3,"column":15},"end":{"line":3,"column":32}},"3":{"start":{"line":4,"column":12},"end":{"line":4,"column":35}},"4":{"start":{"line":6,"column":22},"end":{"line":6,"column":70}},"5":{"start":{"line":9,"column":4},"end":{"line":16,"column":5}},"6":{"start":{"line":10,"column":21},"end":{"line":10,"column":60}},"7":{"start":{"line":11,"column":8},"end":{"line":11,"column":32}},"8":{"start":{"line":14,"column":8},"end":{"line":14,"column":56}},"9":{"start":{"line":15,"column":8},"end":{"line":15,"column":18}},"10":{"start":{"line":20,"column":4},"end":{"line":25,"column":5}},"11":{"start":{"line":21,"column":8},"end":{"line":21,"column":75}},"12":{"start":{"line":24,"column":8},"end":{"line":24,"column":59}},"13":{"start":{"line":28,"column":0},"end":{"line":76,"column":2}},"14":{"start":{"line":29,"column":38},"end":{"line":29,"column":46}},"15":{"start":{"line":30,"column":4},"end":{"line":32,"column":5}},"16":{"start":{"line":31,"column":8},"end":{"line":31,"column":81}},"17":{"start":{"line":35,"column":21},"end":{"line":35,"column":32}},"18":{"start":{"line":38,"column":25},"end":{"line":38,"column":77}},"19":{"start":{"line":38,"column":59},"end":{"line":38,"column":76}},"20":{"start":{"line":39,"column":4},"end":{"line":41,"column":5}},"21":{"start":{"line":40,"column":8},"end":{"line":40,"column":85}},"22":{"start":{"line":43,"column":4},"end":{"line":75,"column":5}},"23":{"start":{"line":44,"column":21},"end":{"line":44,"column":45}},"24":{"start":{"line":45,"column":31},"end":{"line":45,"column":64}},"25":{"start":{"line":47,"column":22},"end":{"line":47,"column":32}},"26":{"start":{"line":48,"column":24},"end":{"line":53,"column":9}},"27":{"start":{"line":55,"column":4},"end":{"line":55,"column":30}},"28":{"start":{"line":58,"column":4},"end":{"line":58,"column":25}},"29":{"start":{"line":61,"column":18},"end":{"line":65,"column":5}},"30":{"start":{"line":67,"column":4},"end":{"line":70,"column":7}},"31":{"start":{"line":73,"column":8},"end":{"line":73,"column":27}},"32":{"start":{"line":74,"column":8},"end":{"line":74,"column":61}},"33":{"start":{"line":78,"column":0},"end":{"line":115,"column":2}},"34":{"start":{"line":79,"column":32},"end":{"line":79,"column":40}},"35":{"start":{"line":80,"column":4},"end":{"line":82,"column":5}},"36":{"start":{"line":81,"column":8},"end":{"line":81,"column":84}},"37":{"start":{"line":85,"column":21},"end":{"line":85,"column":32}},"38":{"start":{"line":88,"column":17},"end":{"line":88,"column":69}},"39":{"start":{"line":88,"column":51},"end":{"line":88,"column":68}},"40":{"start":{"line":89,"column":4},"end":{"line":91,"column":5}},"41":{"start":{"line":90,"column":8},"end":{"line":90,"column":68}},"42":{"start":{"line":93,"column":4},"end":{"line":114,"column":5}},"43":{"start":{"line":94,"column":24},"end":{"line":94,"column":69}},"44":{"start":{"line":95,"column":8},"end":{"line":97,"column":5}},"45":{"start":{"line":96,"column":8},"end":{"line":96,"column":68}},"46":{"start":{"line":100,"column":22},"end":{"line":104,"column":9}},"47":{"start":{"line":106,"column":8},"end":{"line":109,"column":11}},"48":{"start":{"line":112,"column":8},"end":{"line":112,"column":27}},"49":{"start":{"line":113,"column":8},"end":{"line":113,"column":61}}},"fnMap":{"0":{"name":"readUsers","decl":{"start":{"line":8,"column":9},"end":{"line":8,"column":18}},"loc":{"start":{"line":8,"column":21},"end":{"line":17,"column":1}},"line":8},"1":{"name":"writeUsers","decl":{"start":{"line":19,"column":9},"end":{"line":19,"column":19}},"loc":{"start":{"line":19,"column":30},"end":{"line":26,"column":1}},"line":19},"2":{"name":"(anonymous_2)","decl":{"start":{"line":28,"column":17},"end":{"line":28,"column":18}},"loc":{"start":{"line":28,"column":37},"end":{"line":76,"column":1}},"line":28},"3":{"name":"(anonymous_3)","decl":{"start":{"line":38,"column":54},"end":{"line":38,"column":55}},"loc":{"start":{"line":38,"column":59},"end":{"line":38,"column":76}},"line":38},"4":{"name":"(anonymous_4)","decl":{"start":{"line":78,"column":16},"end":{"line":78,"column":17}},"loc":{"start":{"line":78,"column":36},"end":{"line":115,"column":1}},"line":78},"5":{"name":"(anonymous_5)","decl":{"start":{"line":88,"column":46},"end":{"line":88,"column":47}},"loc":{"start":{"line":88,"column":51},"end":{"line":88,"column":68}},"line":88}},"branchMap":{"0":{"loc":{"start":{"line":30,"column":4},"end":{"line":32,"column":5}},"type":"if","locations":[{"start":{"line":30,"column":4},"end":{"line":32,"column":5}},{"start":{},"end":{}}],"line":30},"1":{"loc":{"start":{"line":30,"column":8},"end":{"line":30,"column":27}},"type":"binary-expr","locations":[{"start":{"line":30,"column":8},"end":{"line":30,"column":14}},{"start":{"line":30,"column":18},"end":{"line":30,"column":27}}],"line":30},"2":{"loc":{"start":{"line":39,"column":4},"end":{"line":41,"column":5}},"type":"if","locations":[{"start":{"line":39,"column":4},"end":{"line":41,"column":5}},{"start":{},"end":{}}],"line":39},"3":{"loc":{"start":{"line":52,"column":18},"end":{"line":52,"column":32}},"type":"binary-expr","locations":[{"start":{"line":52,"column":18},"end":{"line":52,"column":22}},{"start":{"line":52,"column":26},"end":{"line":52,"column":32}}],"line":52},"4":{"loc":{"start":{"line":63,"column":8},"end":{"line":63,"column":49}},"type":"binary-expr","locations":[{"start":{"line":63,"column":8},"end":{"line":63,"column":30}},{"start":{"line":63,"column":34},"end":{"line":63,"column":49}}],"line":63},"5":{"loc":{"start":{"line":80,"column":4},"end":{"line":82,"column":5}},"type":"if","locations":[{"start":{"line":80,"column":4},"end":{"line":82,"column":5}},{"start":{},"end":{}}],"line":80},"6":{"loc":{"start":{"line":80,"column":8},"end":{"line":80,"column":27}},"type":"binary-expr","locations":[{"start":{"line":80,"column":8},"end":{"line":80,"column":14}},{"start":{"line":80,"column":18},"end":{"line":80,"column":27}}],"line":80},"7":{"loc":{"start":{"line":89,"column":4},"end":{"line":91,"column":5}},"type":"if","locations":[{"start":{"line":89,"column":4},"end":{"line":91,"column":5}},{"start":{},"end":{}}],"line":89},"8":{"loc":{"start":{"line":95,"column":8},"end":{"line":97,"column":5}},"type":"if","locations":[{"start":{"line":95,"column":8},"end":{"line":97,"column":5}},{"start":{},"end":{}}],"line":95},"9":{"loc":{"start":{"line":102,"column":12},"end":{"line":102,"column":53}},"type":"binary-expr","locations":[{"start":{"line":102,"column":12},"end":{"line":102,"column":34}},{"start":{"line":102,"column":38},"end":{"line":102,"column":53}}],"line":102}},"s":{"0":1,"1":1,"2":1,"3":1,"4":1,"5":5,"6":5,"7":5,"8":0,"9":0,"10":1,"11":1,"12":0,"13":1,"14":3,"15":3,"16":1,"17":2,"18":2,"19":2,"20":2,"21":1,"22":1,"23":1,"24":1,"25":1,"26":1,"27":1,"28":1,"29":1,"30":1,"31":0,"32":0,"33":1,"34":4,"35":4,"36":1,"37":3,"38":3,"39":3,"40":3,"41":1,"42":2,"43":2,"44":2,"45":1,"46":1,"47":1,"48":0,"49":0},"f":{"0":5,"1":1,"2":3,"3":2,"4":4,"5":3},"b":{"0":[1,2],"1":[3,2],"2":[1,1],"3":[1,1],"4":[1,1],"5":[1,3],"6":[4,3],"7":[1,2],"8":[1,1],"9":[1,1]},"_coverageSchema":"1a1c01bbd47fc00a2c39e90264f33305004495a9","hash":"86898462b6946a38902a1dbe95b1fde37c5494f8"}
}
