{"C:\\Users\\guima\\Downloads\\KiWeCare\\volunteer-application\\backend\\controllers\\authController.js": {"path":"C:\\Users\\guima\\Downloads\\KiWeCare\\volunteer-application\\backend\\controllers\\authController.js","statementMap":{"0":{"start":{"line":1,"column":11},"end":{"line":1,"column":24}},"1":{"start":{"line":2,"column":13},"end":{"line":2,"column":28}},"2":{"start":{"line":3,"column":15},"end":{"line":3,"column":32}},"3":{"start":{"line":4,"column":12},"end":{"line":4,"column":35}},"4":{"start":{"line":6,"column":22},"end":{"line":6,"column":70}},"5":{"start":{"line":9,"column":4},"end":{"line":16,"column":5}},"6":{"start":{"line":10,"column":21},"end":{"line":10,"column":60}},"7":{"start":{"line":11,"column":8},"end":{"line":11,"column":32}},"8":{"start":{"line":14,"column":8},"end":{"line":14,"column":56}},"9":{"start":{"line":15,"column":8},"end":{"line":15,"column":18}},"10":{"start":{"line":20,"column":4},"end":{"line":25,"column":5}},"11":{"start":{"line":21,"column":8},"end":{"line":21,"column":75}},"12":{"start":{"line":24,"column":8},"end":{"line":24,"column":59}},"13":{"start":{"line":28,"column":0},"end":{"line":88,"column":2}},"14":{"start":{"line":29,"column":152},"end":{"line":29,"column":160}},"15":{"start":{"line":30,"column":4},"end":{"line":32,"column":5}},"16":{"start":{"line":31,"column":8},"end":{"line":31,"column":81}},"17":{"start":{"line":35,"column":21},"end":{"line":35,"column":32}},"18":{"start":{"line":38,"column":25},"end":{"line":38,"column":77}},"19":{"start":{"line":38,"column":59},"end":{"line":38,"column":76}},"20":{"start":{"line":39,"column":4},"end":{"line":41,"column":5}},"21":{"start":{"line":40,"column":8},"end":{"line":40,"column":85}},"22":{"start":{"line":43,"column":4},"end":{"line":87,"column":5}},"23":{"start":{"line":44,"column":21},"end":{"line":44,"column":45}},"24":{"start":{"line":45,"column":31},"end":{"line":45,"column":64}},"25":{"start":{"line":47,"column":22},"end":{"line":47,"column":32}},"26":{"start":{"line":48,"column":24},"end":{"line":65,"column":9}},"27":{"start":{"line":67,"column":4},"end":{"line":67,"column":30}},"28":{"start":{"line":70,"column":4},"end":{"line":70,"column":25}},"29":{"start":{"line":73,"column":18},"end":{"line":77,"column":5}},"30":{"start":{"line":79,"column":4},"end":{"line":82,"column":7}},"31":{"start":{"line":85,"column":8},"end":{"line":85,"column":27}},"32":{"start":{"line":86,"column":8},"end":{"line":86,"column":61}},"33":{"start":{"line":90,"column":0},"end":{"line":128,"column":2}},"34":{"start":{"line":91,"column":32},"end":{"line":91,"column":40}},"35":{"start":{"line":92,"column":4},"end":{"line":94,"column":5}},"36":{"start":{"line":93,"column":8},"end":{"line":93,"column":81}},"37":{"start":{"line":97,"column":21},"end":{"line":97,"column":32}},"38":{"start":{"line":100,"column":17},"end":{"line":100,"column":69}},"39":{"start":{"line":100,"column":51},"end":{"line":100,"column":68}},"40":{"start":{"line":101,"column":4},"end":{"line":103,"column":5}},"41":{"start":{"line":102,"column":8},"end":{"line":102,"column":68}},"42":{"start":{"line":105,"column":4},"end":{"line":127,"column":5}},"43":{"start":{"line":106,"column":24},"end":{"line":106,"column":69}},"44":{"start":{"line":107,"column":8},"end":{"line":109,"column":5}},"45":{"start":{"line":108,"column":8},"end":{"line":108,"column":68}},"46":{"start":{"line":112,"column":22},"end":{"line":116,"column":9}},"47":{"start":{"line":118,"column":8},"end":{"line":122,"column":11}},"48":{"start":{"line":125,"column":8},"end":{"line":125,"column":27}},"49":{"start":{"line":126,"column":8},"end":{"line":126,"column":61}}},"fnMap":{"0":{"name":"readUsers","decl":{"start":{"line":8,"column":9},"end":{"line":8,"column":18}},"loc":{"start":{"line":8,"column":21},"end":{"line":17,"column":1}},"line":8},"1":{"name":"writeUsers","decl":{"start":{"line":19,"column":9},"end":{"line":19,"column":19}},"loc":{"start":{"line":19,"column":30},"end":{"line":26,"column":1}},"line":19},"2":{"name":"(anonymous_2)","decl":{"start":{"line":28,"column":17},"end":{"line":28,"column":18}},"loc":{"start":{"line":28,"column":37},"end":{"line":88,"column":1}},"line":28},"3":{"name":"(anonymous_3)","decl":{"start":{"line":38,"column":54},"end":{"line":38,"column":55}},"loc":{"start":{"line":38,"column":59},"end":{"line":38,"column":76}},"line":38},"4":{"name":"(anonymous_4)","decl":{"start":{"line":90,"column":16},"end":{"line":90,"column":17}},"loc":{"start":{"line":90,"column":36},"end":{"line":128,"column":1}},"line":90},"5":{"name":"(anonymous_5)","decl":{"start":{"line":100,"column":46},"end":{"line":100,"column":47}},"loc":{"start":{"line":100,"column":51},"end":{"line":100,"column":68}},"line":100}},"branchMap":{"0":{"loc":{"start":{"line":30,"column":4},"end":{"line":32,"column":5}},"type":"if","locations":[{"start":{"line":30,"column":4},"end":{"line":32,"column":5}},{"start":{},"end":{}}],"line":30},"1":{"loc":{"start":{"line":30,"column":8},"end":{"line":30,"column":27}},"type":"binary-expr","locations":[{"start":{"line":30,"column":8},"end":{"line":30,"column":14}},{"start":{"line":30,"column":18},"end":{"line":30,"column":27}}],"line":30},"2":{"loc":{"start":{"line":39,"column":4},"end":{"line":41,"column":5}},"type":"if","locations":[{"start":{"line":39,"column":4},"end":{"line":41,"column":5}},{"start":{},"end":{}}],"line":39},"3":{"loc":{"start":{"line":50,"column":18},"end":{"line":50,"column":28}},"type":"binary-expr","locations":[{"start":{"line":50,"column":18},"end":{"line":50,"column":22}},{"start":{"line":50,"column":26},"end":{"line":50,"column":28}}],"line":50},"4":{"loc":{"start":{"line":51,"column":21},"end":{"line":51,"column":34}},"type":"binary-expr","locations":[{"start":{"line":51,"column":21},"end":{"line":51,"column":28}},{"start":{"line":51,"column":32},"end":{"line":51,"column":34}}],"line":51},"5":{"loc":{"start":{"line":52,"column":22},"end":{"line":52,"column":36}},"type":"binary-expr","locations":[{"start":{"line":52,"column":22},"end":{"line":52,"column":30}},{"start":{"line":52,"column":34},"end":{"line":52,"column":36}}],"line":52},"6":{"loc":{"start":{"line":53,"column":18},"end":{"line":53,"column":28}},"type":"binary-expr","locations":[{"start":{"line":53,"column":18},"end":{"line":53,"column":22}},{"start":{"line":53,"column":26},"end":{"line":53,"column":28}}],"line":53},"7":{"loc":{"start":{"line":54,"column":19},"end":{"line":54,"column":30}},"type":"binary-expr","locations":[{"start":{"line":54,"column":19},"end":{"line":54,"column":24}},{"start":{"line":54,"column":28},"end":{"line":54,"column":30}}],"line":54},"8":{"loc":{"start":{"line":55,"column":17},"end":{"line":55,"column":26}},"type":"binary-expr","locations":[{"start":{"line":55,"column":17},"end":{"line":55,"column":20}},{"start":{"line":55,"column":24},"end":{"line":55,"column":26}}],"line":55},"9":{"loc":{"start":{"line":56,"column":20},"end":{"line":56,"column":32}},"type":"binary-expr","locations":[{"start":{"line":56,"column":20},"end":{"line":56,"column":26}},{"start":{"line":56,"column":30},"end":{"line":56,"column":32}}],"line":56},"10":{"loc":{"start":{"line":57,"column":23},"end":{"line":57,"column":38}},"type":"binary-expr","locations":[{"start":{"line":57,"column":23},"end":{"line":57,"column":32}},{"start":{"line":57,"column":36},"end":{"line":57,"column":38}}],"line":57},"11":{"loc":{"start":{"line":58,"column":19},"end":{"line":58,"column":30}},"type":"binary-expr","locations":[{"start":{"line":58,"column":19},"end":{"line":58,"column":24}},{"start":{"line":58,"column":28},"end":{"line":58,"column":30}}],"line":58},"12":{"loc":{"start":{"line":59,"column":20},"end":{"line":59,"column":32}},"type":"binary-expr","locations":[{"start":{"line":59,"column":20},"end":{"line":59,"column":26}},{"start":{"line":59,"column":30},"end":{"line":59,"column":32}}],"line":59},"13":{"loc":{"start":{"line":60,"column":25},"end":{"line":60,"column":42}},"type":"binary-expr","locations":[{"start":{"line":60,"column":25},"end":{"line":60,"column":36}},{"start":{"line":60,"column":40},"end":{"line":60,"column":42}}],"line":60},"14":{"loc":{"start":{"line":61,"column":18},"end":{"line":61,"column":32}},"type":"binary-expr","locations":[{"start":{"line":61,"column":18},"end":{"line":61,"column":22}},{"start":{"line":61,"column":26},"end":{"line":61,"column":32}}],"line":61},"15":{"loc":{"start":{"line":63,"column":26},"end":{"line":63,"column":44}},"type":"binary-expr","locations":[{"start":{"line":63,"column":26},"end":{"line":63,"column":38}},{"start":{"line":63,"column":42},"end":{"line":63,"column":44}}],"line":63},"16":{"loc":{"start":{"line":64,"column":28},"end":{"line":64,"column":64}},"type":"binary-expr","locations":[{"start":{"line":64,"column":28},"end":{"line":64,"column":42}},{"start":{"line":64,"column":46},"end":{"line":64,"column":64}}],"line":64},"17":{"loc":{"start":{"line":75,"column":8},"end":{"line":75,"column":49}},"type":"binary-expr","locations":[{"start":{"line":75,"column":8},"end":{"line":75,"column":30}},{"start":{"line":75,"column":34},"end":{"line":75,"column":49}}],"line":75},"18":{"loc":{"start":{"line":92,"column":4},"end":{"line":94,"column":5}},"type":"if","locations":[{"start":{"line":92,"column":4},"end":{"line":94,"column":5}},{"start":{},"end":{}}],"line":92},"19":{"loc":{"start":{"line":92,"column":8},"end":{"line":92,"column":27}},"type":"binary-expr","locations":[{"start":{"line":92,"column":8},"end":{"line":92,"column":14}},{"start":{"line":92,"column":18},"end":{"line":92,"column":27}}],"line":92},"20":{"loc":{"start":{"line":101,"column":4},"end":{"line":103,"column":5}},"type":"if","locations":[{"start":{"line":101,"column":4},"end":{"line":103,"column":5}},{"start":{},"end":{}}],"line":101},"21":{"loc":{"start":{"line":107,"column":8},"end":{"line":109,"column":5}},"type":"if","locations":[{"start":{"line":107,"column":8},"end":{"line":109,"column":5}},{"start":{},"end":{}}],"line":107},"22":{"loc":{"start":{"line":114,"column":12},"end":{"line":114,"column":53}},"type":"binary-expr","locations":[{"start":{"line":114,"column":12},"end":{"line":114,"column":34}},{"start":{"line":114,"column":38},"end":{"line":114,"column":53}}],"line":114}},"s":{"0":1,"1":1,"2":1,"3":1,"4":1,"5":5,"6":5,"7":5,"8":0,"9":0,"10":1,"11":1,"12":0,"13":1,"14":3,"15":3,"16":1,"17":2,"18":2,"19":2,"20":2,"21":1,"22":1,"23":1,"24":1,"25":1,"26":1,"27":1,"28":1,"29":1,"30":1,"31":0,"32":0,"33":1,"34":4,"35":4,"36":1,"37":3,"38":3,"39":3,"40":3,"41":1,"42":2,"43":2,"44":2,"45":1,"46":1,"47":1,"48":0,"49":0},"f":{"0":5,"1":1,"2":3,"3":2,"4":4,"5":3},"b":{"0":[1,2],"1":[3,2],"2":[1,1],"3":[1,1],"4":[1,1],"5":[1,1],"6":[1,1],"7":[1,1],"8":[1,1],"9":[1,1],"10":[1,1],"11":[1,0],"12":[1,1],"13":[1,1],"14":[1,1],"15":[1,1],"16":[1,1],"17":[1,1],"18":[1,3],"19":[4,3],"20":[1,2],"21":[1,1],"22":[1,1]},"_coverageSchema":"1a1c01bbd47fc00a2c39e90264f33305004495a9","hash":"9eaa6ff76114b4b6aca99171cbecbac501b5de23"}
,"C:\\Users\\guima\\Downloads\\KiWeCare\\volunteer-application\\backend\\controllers\\eventsController.js": {"path":"C:\\Users\\guima\\Downloads\\KiWeCare\\volunteer-application\\backend\\controllers\\eventsController.js","statementMap":{"0":{"start":{"line":1,"column":14},"end":{"line":1,"column":46}},"1":{"start":{"line":2,"column":13},"end":{"line":2,"column":43}},"2":{"start":{"line":7,"column":21},"end":{"line":17,"column":3}},"3":{"start":{"line":8,"column":4},"end":{"line":16,"column":5}},"4":{"start":{"line":9,"column":21},"end":{"line":9,"column":39}},"5":{"start":{"line":10,"column":6},"end":{"line":12,"column":7}},"6":{"start":{"line":11,"column":8},"end":{"line":11,"column":68}},"7":{"start":{"line":13,"column":6},"end":{"line":13,"column":35}},"8":{"start":{"line":15,"column":6},"end":{"line":15,"column":87}},"9":{"start":{"line":20,"column":18},"end":{"line":37,"column":1}},"10":{"start":{"line":21,"column":4},"end":{"line":36,"column":5}},"11":{"start":{"line":22,"column":23},"end":{"line":22,"column":41}},"12":{"start":{"line":24,"column":8},"end":{"line":26,"column":11}},"13":{"start":{"line":25,"column":12},"end":{"line":25,"column":107}},"14":{"start":{"line":28,"column":8},"end":{"line":30,"column":9}},"15":{"start":{"line":29,"column":12},"end":{"line":29,"column":62}},"16":{"start":{"line":32,"column":8},"end":{"line":32,"column":66}},"17":{"start":{"line":35,"column":8},"end":{"line":35,"column":75}},"18":{"start":{"line":42,"column":20},"end":{"line":59,"column":1}},"19":{"start":{"line":43,"column":4},"end":{"line":58,"column":5}},"20":{"start":{"line":44,"column":25},"end":{"line":44,"column":33}},"21":{"start":{"line":45,"column":8},"end":{"line":45,"column":27}},"22":{"start":{"line":47,"column":22},"end":{"line":47,"column":41}},"23":{"start":{"line":48,"column":8},"end":{"line":48,"column":27}},"24":{"start":{"line":52,"column":8},"end":{"line":55,"column":11}},"25":{"start":{"line":57,"column":8},"end":{"line":57,"column":73}},"26":{"start":{"line":63,"column":26},"end":{"line":104,"column":1}},"27":{"start":{"line":64,"column":4},"end":{"line":103,"column":5}},"28":{"start":{"line":65,"column":8},"end":{"line":65,"column":67}},"29":{"start":{"line":68,"column":21},"end":{"line":68,"column":62}},"30":{"start":{"line":70,"column":8},"end":{"line":72,"column":9}},"31":{"start":{"line":71,"column":12},"end":{"line":71,"column":71}},"32":{"start":{"line":74,"column":27},"end":{"line":74,"column":38}},"33":{"start":{"line":76,"column":8},"end":{"line":78,"column":9}},"34":{"start":{"line":77,"column":12},"end":{"line":77,"column":105}},"35":{"start":{"line":81,"column":23},"end":{"line":81,"column":40}},"36":{"start":{"line":86,"column":8},"end":{"line":88,"column":9}},"37":{"start":{"line":87,"column":12},"end":{"line":87,"column":76}},"38":{"start":{"line":91,"column":31},"end":{"line":93,"column":9}},"39":{"start":{"line":92,"column":12},"end":{"line":92,"column":98}},"40":{"start":{"line":92,"column":37},"end":{"line":92,"column":97}},"41":{"start":{"line":95,"column":8},"end":{"line":97,"column":9}},"42":{"start":{"line":96,"column":12},"end":{"line":96,"column":81}},"43":{"start":{"line":99,"column":8},"end":{"line":99,"column":40}},"44":{"start":{"line":101,"column":8},"end":{"line":101,"column":60}},"45":{"start":{"line":102,"column":8},"end":{"line":102,"column":96}},"46":{"start":{"line":107,"column":20},"end":{"line":125,"column":3}},"47":{"start":{"line":108,"column":4},"end":{"line":124,"column":5}},"48":{"start":{"line":109,"column":6},"end":{"line":109,"column":45}},"49":{"start":{"line":110,"column":6},"end":{"line":110,"column":43}},"50":{"start":{"line":112,"column":27},"end":{"line":112,"column":96}},"51":{"start":{"line":114,"column":6},"end":{"line":116,"column":7}},"52":{"start":{"line":115,"column":8},"end":{"line":115,"column":68}},"53":{"start":{"line":118,"column":6},"end":{"line":121,"column":9}},"54":{"start":{"line":123,"column":6},"end":{"line":123,"column":86}},"55":{"start":{"line":131,"column":20},"end":{"line":144,"column":1}},"56":{"start":{"line":132,"column":4},"end":{"line":143,"column":5}},"57":{"start":{"line":133,"column":24},"end":{"line":133,"column":37}},"58":{"start":{"line":135,"column":23},"end":{"line":135,"column":61}},"59":{"start":{"line":136,"column":8},"end":{"line":138,"column":9}},"60":{"start":{"line":137,"column":12},"end":{"line":137,"column":71}},"61":{"start":{"line":140,"column":8},"end":{"line":140,"column":60}},"62":{"start":{"line":142,"column":8},"end":{"line":142,"column":73}},"63":{"start":{"line":146,"column":0},"end":{"line":146,"column":102}}},"fnMap":{"0":{"name":"(anonymous_0)","decl":{"start":{"line":7,"column":21},"end":{"line":7,"column":22}},"loc":{"start":{"line":7,"column":41},"end":{"line":17,"column":3}},"line":7},"1":{"name":"(anonymous_1)","decl":{"start":{"line":20,"column":18},"end":{"line":20,"column":19}},"loc":{"start":{"line":20,"column":30},"end":{"line":37,"column":1}},"line":20},"2":{"name":"(anonymous_2)","decl":{"start":{"line":42,"column":20},"end":{"line":42,"column":21}},"loc":{"start":{"line":42,"column":40},"end":{"line":59,"column":1}},"line":42},"3":{"name":"(anonymous_3)","decl":{"start":{"line":63,"column":26},"end":{"line":63,"column":27}},"loc":{"start":{"line":63,"column":46},"end":{"line":104,"column":1}},"line":63},"4":{"name":"(anonymous_4)","decl":{"start":{"line":91,"column":45},"end":{"line":91,"column":46}},"loc":{"start":{"line":92,"column":12},"end":{"line":92,"column":98}},"line":92},"5":{"name":"(anonymous_5)","decl":{"start":{"line":92,"column":28},"end":{"line":92,"column":29}},"loc":{"start":{"line":92,"column":37},"end":{"line":92,"column":97}},"line":92},"6":{"name":"(anonymous_6)","decl":{"start":{"line":107,"column":20},"end":{"line":107,"column":21}},"loc":{"start":{"line":107,"column":40},"end":{"line":125,"column":3}},"line":107},"7":{"name":"(anonymous_7)","decl":{"start":{"line":131,"column":20},"end":{"line":131,"column":21}},"loc":{"start":{"line":131,"column":40},"end":{"line":144,"column":1}},"line":131}},"branchMap":{"0":{"loc":{"start":{"line":10,"column":6},"end":{"line":12,"column":7}},"type":"if","locations":[{"start":{"line":10,"column":6},"end":{"line":12,"column":7}},{"start":{},"end":{}}],"line":10},"1":{"loc":{"start":{"line":10,"column":10},"end":{"line":10,"column":40}},"type":"binary-expr","locations":[{"start":{"line":10,"column":10},"end":{"line":10,"column":17}},{"start":{"line":10,"column":21},"end":{"line":10,"column":40}}],"line":10},"2":{"loc":{"start":{"line":24,"column":8},"end":{"line":26,"column":11}},"type":"if","locations":[{"start":{"line":24,"column":8},"end":{"line":26,"column":11}},{"start":{},"end":{}}],"line":24},"3":{"loc":{"start":{"line":28,"column":8},"end":{"line":30,"column":9}},"type":"if","locations":[{"start":{"line":28,"column":8},"end":{"line":30,"column":9}},{"start":{},"end":{}}],"line":28},"4":{"loc":{"start":{"line":28,"column":12},"end":{"line":28,"column":42}},"type":"binary-expr","locations":[{"start":{"line":28,"column":12},"end":{"line":28,"column":19}},{"start":{"line":28,"column":23},"end":{"line":28,"column":42}}],"line":28},"5":{"loc":{"start":{"line":70,"column":8},"end":{"line":72,"column":9}},"type":"if","locations":[{"start":{"line":70,"column":8},"end":{"line":72,"column":9}},{"start":{},"end":{}}],"line":70},"6":{"loc":{"start":{"line":76,"column":8},"end":{"line":78,"column":9}},"type":"if","locations":[{"start":{"line":76,"column":8},"end":{"line":78,"column":9}},{"start":{},"end":{}}],"line":76},"7":{"loc":{"start":{"line":86,"column":8},"end":{"line":88,"column":9}},"type":"if","locations":[{"start":{"line":86,"column":8},"end":{"line":88,"column":9}},{"start":{},"end":{}}],"line":86},"8":{"loc":{"start":{"line":86,"column":12},"end":{"line":86,"column":42}},"type":"binary-expr","locations":[{"start":{"line":86,"column":12},"end":{"line":86,"column":19}},{"start":{"line":86,"column":23},"end":{"line":86,"column":42}}],"line":86},"9":{"loc":{"start":{"line":92,"column":37},"end":{"line":92,"column":97}},"type":"binary-expr","locations":[{"start":{"line":92,"column":37},"end":{"line":92,"column":57}},{"start":{"line":92,"column":61},"end":{"line":92,"column":97}}],"line":92},"10":{"loc":{"start":{"line":95,"column":8},"end":{"line":97,"column":9}},"type":"if","locations":[{"start":{"line":95,"column":8},"end":{"line":97,"column":9}},{"start":{},"end":{}}],"line":95},"11":{"loc":{"start":{"line":114,"column":6},"end":{"line":116,"column":7}},"type":"if","locations":[{"start":{"line":114,"column":6},"end":{"line":116,"column":7}},{"start":{},"end":{}}],"line":114},"12":{"loc":{"start":{"line":136,"column":8},"end":{"line":138,"column":9}},"type":"if","locations":[{"start":{"line":136,"column":8},"end":{"line":138,"column":9}},{"start":{},"end":{}}],"line":136}},"s":{"0":1,"1":1,"2":1,"3":4,"4":4,"5":3,"6":2,"7":1,"8":1,"9":1,"10":5,"11":5,"12":5,"13":0,"14":5,"15":1,"16":4,"17":0,"18":1,"19":2,"20":2,"21":2,"22":2,"23":2,"24":1,"25":1,"26":1,"27":7,"28":7,"29":7,"30":7,"31":1,"32":6,"33":6,"34":1,"35":5,"36":5,"37":0,"38":5,"39":0,"40":0,"41":0,"42":0,"43":0,"44":5,"45":5,"46":1,"47":3,"48":3,"49":3,"50":3,"51":2,"52":1,"53":1,"54":1,"55":1,"56":3,"57":3,"58":3,"59":2,"60":1,"61":1,"62":1,"63":1},"f":{"0":4,"1":5,"2":2,"3":7,"4":0,"5":0,"6":3,"7":3},"b":{"0":[2,1],"1":[3,2],"2":[0,5],"3":[1,4],"4":[5,5],"5":[1,6],"6":[1,5],"7":[0,5],"8":[5,5],"9":[0,0],"10":[0,0],"11":[1,1],"12":[1,1]},"_coverageSchema":"1a1c01bbd47fc00a2c39e90264f33305004495a9","hash":"99e893bf39caf4ed3630f17a0926a6fd6875db59"}
,"C:\\Users\\guima\\Downloads\\KiWeCare\\volunteer-application\\backend\\controllers\\historyController.js": {"path":"C:\\Users\\guima\\Downloads\\KiWeCare\\volunteer-application\\backend\\controllers\\historyController.js","statementMap":{"0":{"start":{"line":1,"column":17},"end":{"line":1,"column":36}},"1":{"start":{"line":2,"column":13},"end":{"line":2,"column":43}},"2":{"start":{"line":3,"column":21},"end":{"line":3,"column":54}},"3":{"start":{"line":6,"column":21},"end":{"line":24,"column":1}},"4":{"start":{"line":7,"column":4},"end":{"line":23,"column":5}},"5":{"start":{"line":8,"column":21},"end":{"line":8,"column":66}},"6":{"start":{"line":10,"column":8},"end":{"line":12,"column":9}},"7":{"start":{"line":11,"column":12},"end":{"line":11,"column":71}},"8":{"start":{"line":14,"column":28},"end":{"line":14,"column":83}},"9":{"start":{"line":16,"column":8},"end":{"line":18,"column":9}},"10":{"start":{"line":17,"column":12},"end":{"line":17,"column":79}},"11":{"start":{"line":20,"column":8},"end":{"line":20,"column":37}},"12":{"start":{"line":22,"column":8},"end":{"line":22,"column":79}},"13":{"start":{"line":27,"column":17},"end":{"line":51,"column":1}},"14":{"start":{"line":28,"column":4},"end":{"line":50,"column":5}},"15":{"start":{"line":29,"column":21},"end":{"line":29,"column":66}},"16":{"start":{"line":31,"column":8},"end":{"line":33,"column":9}},"17":{"start":{"line":32,"column":12},"end":{"line":32,"column":71}},"18":{"start":{"line":35,"column":28},"end":{"line":35,"column":83}},"19":{"start":{"line":37,"column":8},"end":{"line":39,"column":9}},"20":{"start":{"line":38,"column":12},"end":{"line":38,"column":79}},"21":{"start":{"line":41,"column":22},"end":{"line":41,"column":92}},"22":{"start":{"line":41,"column":55},"end":{"line":41,"column":91}},"23":{"start":{"line":43,"column":8},"end":{"line":45,"column":9}},"24":{"start":{"line":44,"column":12},"end":{"line":44,"column":72}},"25":{"start":{"line":47,"column":8},"end":{"line":47,"column":24}},"26":{"start":{"line":49,"column":8},"end":{"line":49,"column":73}},"27":{"start":{"line":54,"column":26},"end":{"line":84,"column":1}},"28":{"start":{"line":55,"column":4},"end":{"line":83,"column":5}},"29":{"start":{"line":56,"column":23},"end":{"line":56,"column":40}},"30":{"start":{"line":57,"column":31},"end":{"line":57,"column":39}},"31":{"start":{"line":60,"column":21},"end":{"line":60,"column":55}},"32":{"start":{"line":62,"column":8},"end":{"line":64,"column":9}},"33":{"start":{"line":63,"column":12},"end":{"line":63,"column":71}},"34":{"start":{"line":67,"column":28},"end":{"line":67,"column":83}},"35":{"start":{"line":69,"column":8},"end":{"line":71,"column":9}},"36":{"start":{"line":70,"column":12},"end":{"line":70,"column":79}},"37":{"start":{"line":74,"column":8},"end":{"line":74,"column":75}},"38":{"start":{"line":77,"column":8},"end":{"line":77,"column":33}},"39":{"start":{"line":79,"column":8},"end":{"line":79,"column":83}},"40":{"start":{"line":81,"column":8},"end":{"line":81,"column":61}},"41":{"start":{"line":82,"column":8},"end":{"line":82,"column":80}},"42":{"start":{"line":86,"column":0},"end":{"line":86,"column":63}}},"fnMap":{"0":{"name":"(anonymous_0)","decl":{"start":{"line":6,"column":21},"end":{"line":6,"column":22}},"loc":{"start":{"line":6,"column":41},"end":{"line":24,"column":1}},"line":6},"1":{"name":"(anonymous_1)","decl":{"start":{"line":27,"column":17},"end":{"line":27,"column":18}},"loc":{"start":{"line":27,"column":37},"end":{"line":51,"column":1}},"line":27},"2":{"name":"(anonymous_2)","decl":{"start":{"line":41,"column":46},"end":{"line":41,"column":47}},"loc":{"start":{"line":41,"column":55},"end":{"line":41,"column":91}},"line":41},"3":{"name":"(anonymous_3)","decl":{"start":{"line":54,"column":26},"end":{"line":54,"column":27}},"loc":{"start":{"line":54,"column":46},"end":{"line":84,"column":1}},"line":54}},"branchMap":{"0":{"loc":{"start":{"line":10,"column":8},"end":{"line":12,"column":9}},"type":"if","locations":[{"start":{"line":10,"column":8},"end":{"line":12,"column":9}},{"start":{},"end":{}}],"line":10},"1":{"loc":{"start":{"line":16,"column":8},"end":{"line":18,"column":9}},"type":"if","locations":[{"start":{"line":16,"column":8},"end":{"line":18,"column":9}},{"start":{},"end":{}}],"line":16},"2":{"loc":{"start":{"line":31,"column":8},"end":{"line":33,"column":9}},"type":"if","locations":[{"start":{"line":31,"column":8},"end":{"line":33,"column":9}},{"start":{},"end":{}}],"line":31},"3":{"loc":{"start":{"line":37,"column":8},"end":{"line":39,"column":9}},"type":"if","locations":[{"start":{"line":37,"column":8},"end":{"line":39,"column":9}},{"start":{},"end":{}}],"line":37},"4":{"loc":{"start":{"line":43,"column":8},"end":{"line":45,"column":9}},"type":"if","locations":[{"start":{"line":43,"column":8},"end":{"line":45,"column":9}},{"start":{},"end":{}}],"line":43},"5":{"loc":{"start":{"line":62,"column":8},"end":{"line":64,"column":9}},"type":"if","locations":[{"start":{"line":62,"column":8},"end":{"line":64,"column":9}},{"start":{},"end":{}}],"line":62},"6":{"loc":{"start":{"line":69,"column":8},"end":{"line":71,"column":9}},"type":"if","locations":[{"start":{"line":69,"column":8},"end":{"line":71,"column":9}},{"start":{},"end":{}}],"line":69}},"s":{"0":1,"1":1,"2":1,"3":1,"4":4,"5":4,"6":0,"7":0,"8":0,"9":0,"10":0,"11":0,"12":4,"13":1,"14":3,"15":3,"16":0,"17":0,"18":0,"19":0,"20":0,"21":0,"22":0,"23":0,"24":0,"25":0,"26":3,"27":1,"28":3,"29":3,"30":3,"31":3,"32":0,"33":0,"34":0,"35":0,"36":0,"37":0,"38":0,"39":0,"40":2,"41":2,"42":1},"f":{"0":4,"1":3,"2":0,"3":3},"b":{"0":[0,0],"1":[0,0],"2":[0,0],"3":[0,0],"4":[0,0],"5":[0,0],"6":[0,0]},"_coverageSchema":"1a1c01bbd47fc00a2c39e90264f33305004495a9","hash":"b66f7edd53c8240c079531fb7bbd6d82c725a4c9"}
,"C:\\Users\\guima\\Downloads\\KiWeCare\\volunteer-application\\backend\\models\\eventsModel.js": {"path":"C:\\Users\\guima\\Downloads\\KiWeCare\\volunteer-application\\backend\\models\\eventsModel.js","statementMap":{"0":{"start":{"line":1,"column":17},"end":{"line":1,"column":36}},"1":{"start":{"line":4,"column":21},"end":{"line":18,"column":3}},"2":{"start":{"line":20,"column":0},"end":{"line":20,"column":55}}},"fnMap":{},"branchMap":{},"s":{"0":1,"1":1,"2":1},"f":{},"b":{},"_coverageSchema":"1a1c01bbd47fc00a2c39e90264f33305004495a9","hash":"7ce2d1820ed071782f4eac808a95b8d3e13975a1"}
,"C:\\Users\\guima\\Downloads\\KiWeCare\\volunteer-application\\backend\\models\\historyModel.js": {"path":"C:\\Users\\guima\\Downloads\\KiWeCare\\volunteer-application\\backend\\models\\historyModel.js","statementMap":{"0":{"start":{"line":1,"column":17},"end":{"line":1,"column":36}},"1":{"start":{"line":3,"column":27},"end":{"line":17,"column":2}},"2":{"start":{"line":19,"column":21},"end":{"line":19,"column":71}},"3":{"start":{"line":21,"column":0},"end":{"line":21,"column":30}}},"fnMap":{},"branchMap":{},"s":{"0":1,"1":1,"2":1,"3":1},"f":{},"b":{},"_coverageSchema":"1a1c01bbd47fc00a2c39e90264f33305004495a9","hash":"ba65fc35b160274b94b0993268607b9955f5f7d6"}
,"C:\\Users\\guima\\Downloads\\KiWeCare\\volunteer-application\\backend\\models\\userModel.js": {"path":"C:\\Users\\guima\\Downloads\\KiWeCare\\volunteer-application\\backend\\models\\userModel.js","statementMap":{"0":{"start":{"line":1,"column":17},"end":{"line":1,"column":36}},"1":{"start":{"line":3,"column":19},"end":{"line":20,"column":2}},"2":{"start":{"line":22,"column":0},"end":{"line":22,"column":52}}},"fnMap":{},"branchMap":{},"s":{"0":2,"1":2,"2":2},"f":{},"b":{},"_coverageSchema":"1a1c01bbd47fc00a2c39e90264f33305004495a9","hash":"c78f9b5e939ea61d97e8bb47bc8a5c1485b5f3aa"}
{"/Users/ny/cosc 4353/volunteer-application/backend/controllers/authController.js": {"path":"/Users/ny/cosc 4353/volunteer-application/backend/controllers/authController.js","statementMap":{"0":{"start":{"line":1,"column":15},"end":{"line":1,"column":32}},"1":{"start":{"line":2,"column":12},"end":{"line":2,"column":35}},"2":{"start":{"line":3,"column":13},"end":{"line":3,"column":43}},"3":{"start":{"line":6,"column":0},"end":{"line":58,"column":2}},"4":{"start":{"line":7,"column":4},"end":{"line":57,"column":5}},"5":{"start":{"line":8,"column":156},"end":{"line":8,"column":164}},"6":{"start":{"line":10,"column":8},"end":{"line":12,"column":9}},"7":{"start":{"line":11,"column":12},"end":{"line":11,"column":85}},"8":{"start":{"line":14,"column":29},"end":{"line":14,"column":56}},"9":{"start":{"line":15,"column":8},"end":{"line":17,"column":9}},"10":{"start":{"line":16,"column":12},"end":{"line":16,"column":89}},"11":{"start":{"line":19,"column":31},"end":{"line":19,"column":62}},"12":{"start":{"line":21,"column":22},"end":{"line":21,"column":43}},"13":{"start":{"line":23,"column":24},"end":{"line":40,"column":10}},"14":{"start":{"line":43,"column":22},"end":{"line":47,"column":9}},"15":{"start":{"line":49,"column":8},"end":{"line":52,"column":11}},"16":{"start":{"line":55,"column":8},"end":{"line":55,"column":27}},"17":{"start":{"line":56,"column":8},"end":{"line":56,"column":61}},"18":{"start":{"line":60,"column":0},"end":{"line":96,"column":2}},"19":{"start":{"line":61,"column":4},"end":{"line":95,"column":5}},"20":{"start":{"line":62,"column":36},"end":{"line":62,"column":44}},"21":{"start":{"line":64,"column":8},"end":{"line":66,"column":9}},"22":{"start":{"line":65,"column":12},"end":{"line":65,"column":85}},"23":{"start":{"line":69,"column":21},"end":{"line":69,"column":48}},"24":{"start":{"line":70,"column":8},"end":{"line":72,"column":9}},"25":{"start":{"line":71,"column":12},"end":{"line":71,"column":72}},"26":{"start":{"line":74,"column":28},"end":{"line":74,"column":73}},"27":{"start":{"line":75,"column":12},"end":{"line":77,"column":9}},"28":{"start":{"line":76,"column":12},"end":{"line":76,"column":72}},"29":{"start":{"line":80,"column":22},"end":{"line":84,"column":9}},"30":{"start":{"line":86,"column":8},"end":{"line":90,"column":11}},"31":{"start":{"line":93,"column":8},"end":{"line":93,"column":27}},"32":{"start":{"line":94,"column":8},"end":{"line":94,"column":61}}},"fnMap":{"0":{"name":"(anonymous_0)","decl":{"start":{"line":6,"column":17},"end":{"line":6,"column":18}},"loc":{"start":{"line":6,"column":37},"end":{"line":58,"column":1}},"line":6},"1":{"name":"(anonymous_1)","decl":{"start":{"line":60,"column":16},"end":{"line":60,"column":17}},"loc":{"start":{"line":60,"column":36},"end":{"line":96,"column":1}},"line":60}},"branchMap":{"0":{"loc":{"start":{"line":10,"column":8},"end":{"line":12,"column":9}},"type":"if","locations":[{"start":{"line":10,"column":8},"end":{"line":12,"column":9}},{"start":{},"end":{}}],"line":10},"1":{"loc":{"start":{"line":10,"column":12},"end":{"line":10,"column":31}},"type":"binary-expr","locations":[{"start":{"line":10,"column":12},"end":{"line":10,"column":18}},{"start":{"line":10,"column":22},"end":{"line":10,"column":31}}],"line":10},"2":{"loc":{"start":{"line":15,"column":8},"end":{"line":17,"column":9}},"type":"if","locations":[{"start":{"line":15,"column":8},"end":{"line":17,"column":9}},{"start":{},"end":{}}],"line":15},"3":{"loc":{"start":{"line":25,"column":18},"end":{"line":25,"column":28}},"type":"binary-expr","locations":[{"start":{"line":25,"column":18},"end":{"line":25,"column":22}},{"start":{"line":25,"column":26},"end":{"line":25,"column":28}}],"line":25},"4":{"loc":{"start":{"line":26,"column":21},"end":{"line":26,"column":34}},"type":"binary-expr","locations":[{"start":{"line":26,"column":21},"end":{"line":26,"column":28}},{"start":{"line":26,"column":32},"end":{"line":26,"column":34}}],"line":26},"5":{"loc":{"start":{"line":27,"column":22},"end":{"line":27,"column":36}},"type":"binary-expr","locations":[{"start":{"line":27,"column":22},"end":{"line":27,"column":30}},{"start":{"line":27,"column":34},"end":{"line":27,"column":36}}],"line":27},"6":{"loc":{"start":{"line":28,"column":18},"end":{"line":28,"column":28}},"type":"binary-expr","locations":[{"start":{"line":28,"column":18},"end":{"line":28,"column":22}},{"start":{"line":28,"column":26},"end":{"line":28,"column":28}}],"line":28},"7":{"loc":{"start":{"line":29,"column":19},"end":{"line":29,"column":30}},"type":"binary-expr","locations":[{"start":{"line":29,"column":19},"end":{"line":29,"column":24}},{"start":{"line":29,"column":28},"end":{"line":29,"column":30}}],"line":29},"8":{"loc":{"start":{"line":30,"column":17},"end":{"line":30,"column":26}},"type":"binary-expr","locations":[{"start":{"line":30,"column":17},"end":{"line":30,"column":20}},{"start":{"line":30,"column":24},"end":{"line":30,"column":26}}],"line":30},"9":{"loc":{"start":{"line":31,"column":20},"end":{"line":31,"column":32}},"type":"binary-expr","locations":[{"start":{"line":31,"column":20},"end":{"line":31,"column":26}},{"start":{"line":31,"column":30},"end":{"line":31,"column":32}}],"line":31},"10":{"loc":{"start":{"line":32,"column":23},"end":{"line":32,"column":38}},"type":"binary-expr","locations":[{"start":{"line":32,"column":23},"end":{"line":32,"column":32}},{"start":{"line":32,"column":36},"end":{"line":32,"column":38}}],"line":32},"11":{"loc":{"start":{"line":33,"column":19},"end":{"line":33,"column":30}},"type":"binary-expr","locations":[{"start":{"line":33,"column":19},"end":{"line":33,"column":24}},{"start":{"line":33,"column":28},"end":{"line":33,"column":30}}],"line":33},"12":{"loc":{"start":{"line":34,"column":20},"end":{"line":34,"column":32}},"type":"binary-expr","locations":[{"start":{"line":34,"column":20},"end":{"line":34,"column":26}},{"start":{"line":34,"column":30},"end":{"line":34,"column":32}}],"line":34},"13":{"loc":{"start":{"line":35,"column":25},"end":{"line":35,"column":42}},"type":"binary-expr","locations":[{"start":{"line":35,"column":25},"end":{"line":35,"column":36}},{"start":{"line":35,"column":40},"end":{"line":35,"column":42}}],"line":35},"14":{"loc":{"start":{"line":36,"column":18},"end":{"line":36,"column":32}},"type":"binary-expr","locations":[{"start":{"line":36,"column":18},"end":{"line":36,"column":22}},{"start":{"line":36,"column":26},"end":{"line":36,"column":32}}],"line":36},"15":{"loc":{"start":{"line":38,"column":26},"end":{"line":38,"column":44}},"type":"binary-expr","locations":[{"start":{"line":38,"column":26},"end":{"line":38,"column":38}},{"start":{"line":38,"column":42},"end":{"line":38,"column":44}}],"line":38},"16":{"loc":{"start":{"line":39,"column":28},"end":{"line":39,"column":64}},"type":"binary-expr","locations":[{"start":{"line":39,"column":28},"end":{"line":39,"column":42}},{"start":{"line":39,"column":46},"end":{"line":39,"column":64}}],"line":39},"17":{"loc":{"start":{"line":45,"column":12},"end":{"line":45,"column":53}},"type":"binary-expr","locations":[{"start":{"line":45,"column":12},"end":{"line":45,"column":34}},{"start":{"line":45,"column":38},"end":{"line":45,"column":53}}],"line":45},"18":{"loc":{"start":{"line":64,"column":8},"end":{"line":66,"column":9}},"type":"if","locations":[{"start":{"line":64,"column":8},"end":{"line":66,"column":9}},{"start":{},"end":{}}],"line":64},"19":{"loc":{"start":{"line":64,"column":12},"end":{"line":64,"column":31}},"type":"binary-expr","locations":[{"start":{"line":64,"column":12},"end":{"line":64,"column":18}},{"start":{"line":64,"column":22},"end":{"line":64,"column":31}}],"line":64},"20":{"loc":{"start":{"line":70,"column":8},"end":{"line":72,"column":9}},"type":"if","locations":[{"start":{"line":70,"column":8},"end":{"line":72,"column":9}},{"start":{},"end":{}}],"line":70},"21":{"loc":{"start":{"line":75,"column":12},"end":{"line":77,"column":9}},"type":"if","locations":[{"start":{"line":75,"column":12},"end":{"line":77,"column":9}},{"start":{},"end":{}}],"line":75},"22":{"loc":{"start":{"line":82,"column":12},"end":{"line":82,"column":53}},"type":"binary-expr","locations":[{"start":{"line":82,"column":12},"end":{"line":82,"column":34}},{"start":{"line":82,"column":38},"end":{"line":82,"column":53}}],"line":82}},"s":{"0":1,"1":1,"2":1,"3":1,"4":4,"5":4,"6":4,"7":1,"8":3,"9":2,"10":1,"11":1,"12":1,"13":1,"14":1,"15":1,"16":1,"17":1,"18":1,"19":5,"20":5,"21":5,"22":1,"23":4,"24":3,"25":1,"26":2,"27":2,"28":1,"29":1,"30":1,"31":1,"32":1},"f":{"0":4,"1":5},"b":{"0":[1,3],"1":[4,3],"2":[1,1],"3":[1,0],"4":[1,1],"5":[1,1],"6":[1,1],"7":[1,1],"8":[1,1],"9":[1,1],"10":[1,1],"11":[1,0],"12":[1,1],"13":[1,1],"14":[1,1],"15":[1,1],"16":[1,1],"17":[1,1],"18":[1,4],"19":[5,4],"20":[1,2],"21":[1,1],"22":[1,1]},"_coverageSchema":"1a1c01bbd47fc00a2c39e90264f33305004495a9","hash":"e0f2d061bfbfedf8a216d66e1f8755368bd9ef7e"}
,"/Users/ny/cosc 4353/volunteer-application/backend/controllers/eventsController.js": {"path":"/Users/ny/cosc 4353/volunteer-application/backend/controllers/eventsController.js","statementMap":{"0":{"start":{"line":1,"column":14},"end":{"line":1,"column":46}},"1":{"start":{"line":2,"column":13},"end":{"line":2,"column":43}},"2":{"start":{"line":7,"column":21},"end":{"line":17,"column":1}},"3":{"start":{"line":8,"column":4},"end":{"line":15,"column":67}},"4":{"start":{"line":9,"column":23},"end":{"line":9,"column":41}},"5":{"start":{"line":10,"column":8},"end":{"line":10,"column":37}},"6":{"start":{"line":11,"column":8},"end":{"line":11,"column":22}},"7":{"start":{"line":14,"column":8},"end":{"line":14,"column":55}},"8":{"start":{"line":15,"column":8},"end":{"line":15,"column":62}},"9":{"start":{"line":19,"column":18},"end":{"line":35,"column":1}},"10":{"start":{"line":20,"column":4},"end":{"line":34,"column":5}},"11":{"start":{"line":21,"column":8},"end":{"line":21,"column":60}},"12":{"start":{"line":23,"column":23},"end":{"line":23,"column":41}},"13":{"start":{"line":25,"column":8},"end":{"line":28,"column":9}},"14":{"start":{"line":26,"column":12},"end":{"line":26,"column":44}},"15":{"start":{"line":27,"column":12},"end":{"line":27,"column":22}},"16":{"start":{"line":30,"column":8},"end":{"line":30,"column":22}},"17":{"start":{"line":32,"column":8},"end":{"line":32,"column":55}},"18":{"start":{"line":33,"column":8},"end":{"line":33,"column":49}},"19":{"start":{"line":39,"column":20},"end":{"line":57,"column":1}},"20":{"start":{"line":40,"column":4},"end":{"line":56,"column":5}},"21":{"start":{"line":41,"column":25},"end":{"line":41,"column":33}},"22":{"start":{"line":42,"column":8},"end":{"line":42,"column":27}},"23":{"start":{"line":44,"column":22},"end":{"line":44,"column":41}},"24":{"start":{"line":45,"column":8},"end":{"line":45,"column":27}},"25":{"start":{"line":49,"column":8},"end":{"line":52,"column":11}},"26":{"start":{"line":54,"column":8},"end":{"line":54,"column":29}},"27":{"start":{"line":55,"column":8},"end":{"line":55,"column":73}},"28":{"start":{"line":61,"column":26},"end":{"line":99,"column":1}},"29":{"start":{"line":62,"column":4},"end":{"line":98,"column":5}},"30":{"start":{"line":63,"column":8},"end":{"line":63,"column":67}},"31":{"start":{"line":66,"column":21},"end":{"line":66,"column":62}},"32":{"start":{"line":68,"column":8},"end":{"line":71,"column":9}},"33":{"start":{"line":69,"column":12},"end":{"line":69,"column":66}},"34":{"start":{"line":70,"column":12},"end":{"line":70,"column":71}},"35":{"start":{"line":73,"column":27},"end":{"line":73,"column":38}},"36":{"start":{"line":75,"column":8},"end":{"line":77,"column":9}},"37":{"start":{"line":76,"column":12},"end":{"line":76,"column":105}},"38":{"start":{"line":80,"column":23},"end":{"line":80,"column":40}},"39":{"start":{"line":81,"column":8},"end":{"line":83,"column":9}},"40":{"start":{"line":82,"column":12},"end":{"line":82,"column":76}},"41":{"start":{"line":86,"column":31},"end":{"line":88,"column":9}},"42":{"start":{"line":87,"column":12},"end":{"line":87,"column":98}},"43":{"start":{"line":87,"column":37},"end":{"line":87,"column":97}},"44":{"start":{"line":90,"column":8},"end":{"line":92,"column":9}},"45":{"start":{"line":91,"column":12},"end":{"line":91,"column":81}},"46":{"start":{"line":94,"column":8},"end":{"line":94,"column":40}},"47":{"start":{"line":96,"column":8},"end":{"line":96,"column":60}},"48":{"start":{"line":97,"column":8},"end":{"line":97,"column":96}},"49":{"start":{"line":102,"column":20},"end":{"line":155,"column":3}},"50":{"start":{"line":103,"column":4},"end":{"line":154,"column":5}},"51":{"start":{"line":104,"column":22},"end":{"line":104,"column":35}},"52":{"start":{"line":105,"column":26},"end":{"line":105,"column":34}},"53":{"start":{"line":106,"column":6},"end":{"line":106,"column":40}},"54":{"start":{"line":107,"column":6},"end":{"line":107,"column":47}},"55":{"start":{"line":109,"column":20},"end":{"line":109,"column":49}},"56":{"start":{"line":110,"column":6},"end":{"line":112,"column":7}},"57":{"start":{"line":111,"column":8},"end":{"line":111,"column":68}},"58":{"start":{"line":115,"column":4},"end":{"line":139,"column":7}},"59":{"start":{"line":116,"column":8},"end":{"line":118,"column":9}},"60":{"start":{"line":117,"column":10},"end":{"line":117,"column":84}},"61":{"start":{"line":120,"column":8},"end":{"line":122,"column":9}},"62":{"start":{"line":121,"column":10},"end":{"line":121,"column":36}},"63":{"start":{"line":124,"column":8},"end":{"line":124,"column":60}},"64":{"start":{"line":127,"column":8},"end":{"line":127,"column":102}},"65":{"start":{"line":129,"column":8},"end":{"line":129,"column":59}},"66":{"start":{"line":132,"column":8},"end":{"line":132,"column":45}},"67":{"start":{"line":134,"column":8},"end":{"line":134,"column":27}},"68":{"start":{"line":137,"column":8},"end":{"line":137,"column":45}},"69":{"start":{"line":138,"column":8},"end":{"line":138,"column":83}},"70":{"start":{"line":142,"column":6},"end":{"line":146,"column":9}},"71":{"start":{"line":143,"column":8},"end":{"line":145,"column":9}},"72":{"start":{"line":144,"column":10},"end":{"line":144,"column":40}},"73":{"start":{"line":149,"column":6},"end":{"line":149,"column":25}},"74":{"start":{"line":150,"column":6},"end":{"line":150,"column":65}},"75":{"start":{"line":152,"column":6},"end":{"line":152,"column":27}},"76":{"start":{"line":153,"column":6},"end":{"line":153,"column":71}},"77":{"start":{"line":161,"column":20},"end":{"line":174,"column":1}},"78":{"start":{"line":162,"column":4},"end":{"line":173,"column":5}},"79":{"start":{"line":163,"column":24},"end":{"line":163,"column":37}},"80":{"start":{"line":165,"column":23},"end":{"line":165,"column":61}},"81":{"start":{"line":166,"column":8},"end":{"line":168,"column":9}},"82":{"start":{"line":167,"column":12},"end":{"line":167,"column":71}},"83":{"start":{"line":170,"column":8},"end":{"line":170,"column":60}},"84":{"start":{"line":172,"column":8},"end":{"line":172,"column":73}},"85":{"start":{"line":176,"column":0},"end":{"line":176,"column":102}}},"fnMap":{"0":{"name":"(anonymous_0)","decl":{"start":{"line":7,"column":21},"end":{"line":7,"column":22}},"loc":{"start":{"line":7,"column":41},"end":{"line":17,"column":1}},"line":7},"1":{"name":"(anonymous_1)","decl":{"start":{"line":19,"column":18},"end":{"line":19,"column":19}},"loc":{"start":{"line":19,"column":30},"end":{"line":35,"column":1}},"line":19},"2":{"name":"(anonymous_2)","decl":{"start":{"line":39,"column":20},"end":{"line":39,"column":21}},"loc":{"start":{"line":39,"column":40},"end":{"line":57,"column":1}},"line":39},"3":{"name":"(anonymous_3)","decl":{"start":{"line":61,"column":26},"end":{"line":61,"column":27}},"loc":{"start":{"line":61,"column":46},"end":{"line":99,"column":1}},"line":61},"4":{"name":"(anonymous_4)","decl":{"start":{"line":86,"column":45},"end":{"line":86,"column":46}},"loc":{"start":{"line":87,"column":12},"end":{"line":87,"column":98}},"line":87},"5":{"name":"(anonymous_5)","decl":{"start":{"line":87,"column":28},"end":{"line":87,"column":29}},"loc":{"start":{"line":87,"column":37},"end":{"line":87,"column":97}},"line":87},"6":{"name":"(anonymous_6)","decl":{"start":{"line":102,"column":20},"end":{"line":102,"column":21}},"loc":{"start":{"line":102,"column":40},"end":{"line":155,"column":3}},"line":102},"7":{"name":"(anonymous_7)","decl":{"start":{"line":142,"column":39},"end":{"line":142,"column":40}},"loc":{"start":{"line":142,"column":48},"end":{"line":146,"column":7}},"line":142},"8":{"name":"(anonymous_8)","decl":{"start":{"line":161,"column":20},"end":{"line":161,"column":21}},"loc":{"start":{"line":161,"column":40},"end":{"line":174,"column":1}},"line":161}},"branchMap":{"0":{"loc":{"start":{"line":25,"column":8},"end":{"line":28,"column":9}},"type":"if","locations":[{"start":{"line":25,"column":8},"end":{"line":28,"column":9}},{"start":{},"end":{}}],"line":25},"1":{"loc":{"start":{"line":25,"column":12},"end":{"line":25,"column":42}},"type":"binary-expr","locations":[{"start":{"line":25,"column":12},"end":{"line":25,"column":19}},{"start":{"line":25,"column":23},"end":{"line":25,"column":42}}],"line":25},"2":{"loc":{"start":{"line":68,"column":8},"end":{"line":71,"column":9}},"type":"if","locations":[{"start":{"line":68,"column":8},"end":{"line":71,"column":9}},{"start":{},"end":{}}],"line":68},"3":{"loc":{"start":{"line":75,"column":8},"end":{"line":77,"column":9}},"type":"if","locations":[{"start":{"line":75,"column":8},"end":{"line":77,"column":9}},{"start":{},"end":{}}],"line":75},"4":{"loc":{"start":{"line":81,"column":8},"end":{"line":83,"column":9}},"type":"if","locations":[{"start":{"line":81,"column":8},"end":{"line":83,"column":9}},{"start":{},"end":{}}],"line":81},"5":{"loc":{"start":{"line":81,"column":12},"end":{"line":81,"column":42}},"type":"binary-expr","locations":[{"start":{"line":81,"column":12},"end":{"line":81,"column":19}},{"start":{"line":81,"column":23},"end":{"line":81,"column":42}}],"line":81},"6":{"loc":{"start":{"line":87,"column":37},"end":{"line":87,"column":97}},"type":"binary-expr","locations":[{"start":{"line":87,"column":37},"end":{"line":87,"column":57}},{"start":{"line":87,"column":61},"end":{"line":87,"column":97}}],"line":87},"7":{"loc":{"start":{"line":90,"column":8},"end":{"line":92,"column":9}},"type":"if","locations":[{"start":{"line":90,"column":8},"end":{"line":92,"column":9}},{"start":{},"end":{}}],"line":90},"8":{"loc":{"start":{"line":110,"column":6},"end":{"line":112,"column":7}},"type":"if","locations":[{"start":{"line":110,"column":6},"end":{"line":112,"column":7}},{"start":{},"end":{}}],"line":110},"9":{"loc":{"start":{"line":115,"column":4},"end":{"line":139,"column":7}},"type":"if","locations":[{"start":{"line":115,"column":4},"end":{"line":139,"column":7}},{"start":{},"end":{}}],"line":115},"10":{"loc":{"start":{"line":116,"column":8},"end":{"line":118,"column":9}},"type":"if","locations":[{"start":{"line":116,"column":8},"end":{"line":118,"column":9}},{"start":{},"end":{}}],"line":116},"11":{"loc":{"start":{"line":120,"column":8},"end":{"line":122,"column":9}},"type":"if","locations":[{"start":{"line":120,"column":8},"end":{"line":122,"column":9}},{"start":{},"end":{}}],"line":120},"12":{"loc":{"start":{"line":143,"column":8},"end":{"line":145,"column":9}},"type":"if","locations":[{"start":{"line":143,"column":8},"end":{"line":145,"column":9}},{"start":{},"end":{}}],"line":143},"13":{"loc":{"start":{"line":166,"column":8},"end":{"line":168,"column":9}},"type":"if","locations":[{"start":{"line":166,"column":8},"end":{"line":168,"column":9}},{"start":{},"end":{}}],"line":166}},"s":{"0":1,"1":1,"2":1,"3":1,"4":1,"5":0,"6":0,"7":1,"8":1,"9":1,"10":0,"11":0,"12":0,"13":0,"14":0,"15":0,"16":0,"17":0,"18":0,"19":1,"20":2,"21":2,"22":2,"23":2,"24":2,"25":0,"26":1,"27":1,"28":1,"29":1,"30":1,"31":0,"32":0,"33":0,"34":0,"35":0,"36":0,"37":0,"38":0,"39":0,"40":0,"41":0,"42":0,"43":0,"44":0,"45":0,"46":0,"47":1,"48":1,"49":1,"50":1,"51":1,"52":1,"53":1,"54":1,"55":1,"56":0,"57":0,"58":0,"59":0,"60":0,"61":0,"62":0,"63":0,"64":0,"65":0,"66":0,"67":0,"68":0,"69":0,"70":0,"71":0,"72":0,"73":0,"74":0,"75":1,"76":1,"77":1,"78":1,"79":1,"80":1,"81":0,"82":0,"83":0,"84":1,"85":1},"f":{"0":1,"1":0,"2":2,"3":1,"4":0,"5":0,"6":1,"7":0,"8":1},"b":{"0":[0,0],"1":[0,0],"2":[0,0],"3":[0,0],"4":[0,0],"5":[0,0],"6":[0,0],"7":[0,0],"8":[0,0],"9":[0,0],"10":[0,0],"11":[0,0],"12":[0,0],"13":[0,0]},"_coverageSchema":"1a1c01bbd47fc00a2c39e90264f33305004495a9","hash":"3a0348d7ae132a8ad7705f94e56793689aafefed"}
,"/Users/ny/cosc 4353/volunteer-application/backend/controllers/historyController.js": {"path":"/Users/ny/cosc 4353/volunteer-application/backend/controllers/historyController.js","statementMap":{"0":{"start":{"line":1,"column":17},"end":{"line":1,"column":36}},"1":{"start":{"line":2,"column":13},"end":{"line":2,"column":43}},"2":{"start":{"line":3,"column":21},"end":{"line":3,"column":54}},"3":{"start":{"line":6,"column":21},"end":{"line":24,"column":1}},"4":{"start":{"line":7,"column":4},"end":{"line":23,"column":5}},"5":{"start":{"line":8,"column":21},"end":{"line":8,"column":66}},"6":{"start":{"line":10,"column":8},"end":{"line":12,"column":9}},"7":{"start":{"line":11,"column":12},"end":{"line":11,"column":71}},"8":{"start":{"line":14,"column":28},"end":{"line":14,"column":83}},"9":{"start":{"line":16,"column":8},"end":{"line":18,"column":9}},"10":{"start":{"line":17,"column":12},"end":{"line":17,"column":79}},"11":{"start":{"line":20,"column":8},"end":{"line":20,"column":37}},"12":{"start":{"line":22,"column":8},"end":{"line":22,"column":79}},"13":{"start":{"line":27,"column":17},"end":{"line":51,"column":1}},"14":{"start":{"line":28,"column":4},"end":{"line":50,"column":5}},"15":{"start":{"line":29,"column":21},"end":{"line":29,"column":66}},"16":{"start":{"line":31,"column":8},"end":{"line":33,"column":9}},"17":{"start":{"line":32,"column":12},"end":{"line":32,"column":71}},"18":{"start":{"line":35,"column":28},"end":{"line":35,"column":83}},"19":{"start":{"line":37,"column":8},"end":{"line":39,"column":9}},"20":{"start":{"line":38,"column":12},"end":{"line":38,"column":79}},"21":{"start":{"line":41,"column":22},"end":{"line":41,"column":92}},"22":{"start":{"line":41,"column":55},"end":{"line":41,"column":91}},"23":{"start":{"line":43,"column":8},"end":{"line":45,"column":9}},"24":{"start":{"line":44,"column":12},"end":{"line":44,"column":72}},"25":{"start":{"line":47,"column":8},"end":{"line":47,"column":24}},"26":{"start":{"line":49,"column":8},"end":{"line":49,"column":73}},"27":{"start":{"line":54,"column":26},"end":{"line":84,"column":1}},"28":{"start":{"line":55,"column":4},"end":{"line":83,"column":5}},"29":{"start":{"line":56,"column":23},"end":{"line":56,"column":40}},"30":{"start":{"line":57,"column":31},"end":{"line":57,"column":39}},"31":{"start":{"line":60,"column":21},"end":{"line":60,"column":55}},"32":{"start":{"line":62,"column":8},"end":{"line":64,"column":9}},"33":{"start":{"line":63,"column":12},"end":{"line":63,"column":71}},"34":{"start":{"line":67,"column":28},"end":{"line":67,"column":83}},"35":{"start":{"line":69,"column":8},"end":{"line":71,"column":9}},"36":{"start":{"line":70,"column":12},"end":{"line":70,"column":79}},"37":{"start":{"line":74,"column":8},"end":{"line":74,"column":75}},"38":{"start":{"line":77,"column":8},"end":{"line":77,"column":33}},"39":{"start":{"line":79,"column":8},"end":{"line":79,"column":83}},"40":{"start":{"line":81,"column":8},"end":{"line":81,"column":61}},"41":{"start":{"line":82,"column":8},"end":{"line":82,"column":80}},"42":{"start":{"line":86,"column":0},"end":{"line":86,"column":63}}},"fnMap":{"0":{"name":"(anonymous_0)","decl":{"start":{"line":6,"column":21},"end":{"line":6,"column":22}},"loc":{"start":{"line":6,"column":41},"end":{"line":24,"column":1}},"line":6},"1":{"name":"(anonymous_1)","decl":{"start":{"line":27,"column":17},"end":{"line":27,"column":18}},"loc":{"start":{"line":27,"column":37},"end":{"line":51,"column":1}},"line":27},"2":{"name":"(anonymous_2)","decl":{"start":{"line":41,"column":46},"end":{"line":41,"column":47}},"loc":{"start":{"line":41,"column":55},"end":{"line":41,"column":91}},"line":41},"3":{"name":"(anonymous_3)","decl":{"start":{"line":54,"column":26},"end":{"line":54,"column":27}},"loc":{"start":{"line":54,"column":46},"end":{"line":84,"column":1}},"line":54}},"branchMap":{"0":{"loc":{"start":{"line":10,"column":8},"end":{"line":12,"column":9}},"type":"if","locations":[{"start":{"line":10,"column":8},"end":{"line":12,"column":9}},{"start":{},"end":{}}],"line":10},"1":{"loc":{"start":{"line":16,"column":8},"end":{"line":18,"column":9}},"type":"if","locations":[{"start":{"line":16,"column":8},"end":{"line":18,"column":9}},{"start":{},"end":{}}],"line":16},"2":{"loc":{"start":{"line":31,"column":8},"end":{"line":33,"column":9}},"type":"if","locations":[{"start":{"line":31,"column":8},"end":{"line":33,"column":9}},{"start":{},"end":{}}],"line":31},"3":{"loc":{"start":{"line":37,"column":8},"end":{"line":39,"column":9}},"type":"if","locations":[{"start":{"line":37,"column":8},"end":{"line":39,"column":9}},{"start":{},"end":{}}],"line":37},"4":{"loc":{"start":{"line":43,"column":8},"end":{"line":45,"column":9}},"type":"if","locations":[{"start":{"line":43,"column":8},"end":{"line":45,"column":9}},{"start":{},"end":{}}],"line":43},"5":{"loc":{"start":{"line":62,"column":8},"end":{"line":64,"column":9}},"type":"if","locations":[{"start":{"line":62,"column":8},"end":{"line":64,"column":9}},{"start":{},"end":{}}],"line":62},"6":{"loc":{"start":{"line":69,"column":8},"end":{"line":71,"column":9}},"type":"if","locations":[{"start":{"line":69,"column":8},"end":{"line":71,"column":9}},{"start":{},"end":{}}],"line":69}},"s":{"0":1,"1":1,"2":1,"3":1,"4":4,"5":4,"6":3,"7":1,"8":2,"9":2,"10":1,"11":1,"12":1,"13":1,"14":3,"15":3,"16":2,"17":0,"18":2,"19":2,"20":0,"21":2,"22":2,"23":2,"24":1,"25":1,"26":1,"27":1,"28":3,"29":3,"30":3,"31":3,"32":2,"33":1,"34":1,"35":1,"36":0,"37":1,"38":1,"39":1,"40":1,"41":1,"42":1},"f":{"0":4,"1":3,"2":2,"3":3},"b":{"0":[1,2],"1":[1,1],"2":[0,2],"3":[0,2],"4":[1,1],"5":[1,1],"6":[0,1]},"_coverageSchema":"1a1c01bbd47fc00a2c39e90264f33305004495a9","hash":"202c4837ee33f06b107038bec15682677305e25f"}
,"/Users/ny/cosc 4353/volunteer-application/backend/controllers/notificationController.js": {"path":"/Users/ny/cosc 4353/volunteer-application/backend/controllers/notificationController.js","statementMap":{"0":{"start":{"line":1,"column":21},"end":{"line":1,"column":59}},"1":{"start":{"line":4,"column":28},"end":{"line":18,"column":1}},"2":{"start":{"line":5,"column":2},"end":{"line":17,"column":3}},"3":{"start":{"line":6,"column":23},"end":{"line":6,"column":33}},"4":{"start":{"line":8,"column":26},"end":{"line":8,"column":61}},"5":{"start":{"line":10,"column":4},"end":{"line":12,"column":5}},"6":{"start":{"line":11,"column":6},"end":{"line":11,"column":87}},"7":{"start":{"line":14,"column":4},"end":{"line":14,"column":40}},"8":{"start":{"line":16,"column":4},"end":{"line":16,"column":92}},"9":{"start":{"line":21,"column":24},"end":{"line":34,"column":1}},"10":{"start":{"line":22,"column":2},"end":{"line":33,"column":3}},"11":{"start":{"line":23,"column":19},"end":{"line":23,"column":29}},"12":{"start":{"line":24,"column":25},"end":{"line":24,"column":75}},"13":{"start":{"line":26,"column":4},"end":{"line":28,"column":5}},"14":{"start":{"line":27,"column":6},"end":{"line":27,"column":73}},"15":{"start":{"line":30,"column":4},"end":{"line":30,"column":39}},"16":{"start":{"line":32,"column":4},"end":{"line":32,"column":91}},"17":{"start":{"line":37,"column":27},"end":{"line":50,"column":1}},"18":{"start":{"line":38,"column":2},"end":{"line":49,"column":3}},"19":{"start":{"line":39,"column":19},"end":{"line":39,"column":29}},"20":{"start":{"line":40,"column":32},"end":{"line":40,"column":91}},"21":{"start":{"line":42,"column":4},"end":{"line":44,"column":5}},"22":{"start":{"line":43,"column":6},"end":{"line":43,"column":73}},"23":{"start":{"line":46,"column":4},"end":{"line":46,"column":75}},"24":{"start":{"line":48,"column":4},"end":{"line":48,"column":91}},"25":{"start":{"line":53,"column":25},"end":{"line":101,"column":1}},"26":{"start":{"line":54,"column":2},"end":{"line":100,"column":3}},"27":{"start":{"line":55,"column":41},"end":{"line":55,"column":49}},"28":{"start":{"line":58,"column":4},"end":{"line":62,"column":5}},"29":{"start":{"line":59,"column":6},"end":{"line":61,"column":9}},"30":{"start":{"line":65,"column":29},"end":{"line":65,"column":86}},"31":{"start":{"line":68,"column":25},"end":{"line":68,"column":33}},"32":{"start":{"line":70,"column":4},"end":{"line":73,"column":5}},"33":{"start":{"line":71,"column":27},"end":{"line":71,"column":93}},"34":{"start":{"line":72,"column":6},"end":{"line":72,"column":52}},"35":{"start":{"line":76,"column":28},"end":{"line":82,"column":6}},"36":{"start":{"line":85,"column":4},"end":{"line":85,"column":33}},"37":{"start":{"line":88,"column":4},"end":{"line":91,"column":7}},"38":{"start":{"line":94,"column":4},"end":{"line":94,"column":57}},"39":{"start":{"line":96,"column":4},"end":{"line":99,"column":7}},"40":{"start":{"line":103,"column":0},"end":{"line":103,"column":96}}},"fnMap":{"0":{"name":"(anonymous_0)","decl":{"start":{"line":4,"column":28},"end":{"line":4,"column":29}},"loc":{"start":{"line":4,"column":48},"end":{"line":18,"column":1}},"line":4},"1":{"name":"(anonymous_1)","decl":{"start":{"line":21,"column":24},"end":{"line":21,"column":25}},"loc":{"start":{"line":21,"column":44},"end":{"line":34,"column":1}},"line":21},"2":{"name":"(anonymous_2)","decl":{"start":{"line":37,"column":27},"end":{"line":37,"column":28}},"loc":{"start":{"line":37,"column":47},"end":{"line":50,"column":1}},"line":37},"3":{"name":"(anonymous_3)","decl":{"start":{"line":53,"column":25},"end":{"line":53,"column":26}},"loc":{"start":{"line":53,"column":45},"end":{"line":101,"column":1}},"line":53}},"branchMap":{"0":{"loc":{"start":{"line":10,"column":4},"end":{"line":12,"column":5}},"type":"if","locations":[{"start":{"line":10,"column":4},"end":{"line":12,"column":5}},{"start":{},"end":{}}],"line":10},"1":{"loc":{"start":{"line":26,"column":4},"end":{"line":28,"column":5}},"type":"if","locations":[{"start":{"line":26,"column":4},"end":{"line":28,"column":5}},{"start":{},"end":{}}],"line":26},"2":{"loc":{"start":{"line":42,"column":4},"end":{"line":44,"column":5}},"type":"if","locations":[{"start":{"line":42,"column":4},"end":{"line":44,"column":5}},{"start":{},"end":{}}],"line":42},"3":{"loc":{"start":{"line":58,"column":4},"end":{"line":62,"column":5}},"type":"if","locations":[{"start":{"line":58,"column":4},"end":{"line":62,"column":5}},{"start":{},"end":{}}],"line":58},"4":{"loc":{"start":{"line":58,"column":8},"end":{"line":58,"column":39}},"type":"binary-expr","locations":[{"start":{"line":58,"column":8},"end":{"line":58,"column":15}},{"start":{"line":58,"column":19},"end":{"line":58,"column":27}},{"start":{"line":58,"column":31},"end":{"line":58,"column":39}}],"line":58},"5":{"loc":{"start":{"line":70,"column":4},"end":{"line":73,"column":5}},"type":"if","locations":[{"start":{"line":70,"column":4},"end":{"line":73,"column":5}},{"start":{},"end":{}}],"line":70},"6":{"loc":{"start":{"line":70,"column":8},"end":{"line":70,"column":59}},"type":"binary-expr","locations":[{"start":{"line":70,"column":8},"end":{"line":70,"column":24}},{"start":{"line":70,"column":28},"end":{"line":70,"column":59}}],"line":70}},"s":{"0":1,"1":1,"2":2,"3":2,"4":2,"5":2,"6":1,"7":1,"8":0,"9":1,"10":3,"11":3,"12":3,"13":2,"14":1,"15":1,"16":1,"17":1,"18":3,"19":3,"20":3,"21":2,"22":1,"23":1,"24":1,"25":1,"26":3,"27":3,"28":3,"29":1,"30":2,"31":0,"32":0,"33":0,"34":0,"35":0,"36":0,"37":0,"38":2,"39":2,"40":1},"f":{"0":2,"1":3,"2":3,"3":3},"b":{"0":[1,1],"1":[1,1],"2":[1,1],"3":[1,2],"4":[3,2,2],"5":[0,0],"6":[0,0]},"_coverageSchema":"1a1c01bbd47fc00a2c39e90264f33305004495a9","hash":"005957dc2bb3b2446fb153ead5ac57aa70d96b95"}
,"/Users/ny/cosc 4353/volunteer-application/backend/controllers/profileController.js": {"path":"/Users/ny/cosc 4353/volunteer-application/backend/controllers/profileController.js","statementMap":{"0":{"start":{"line":1,"column":13},"end":{"line":1,"column":43}},"1":{"start":{"line":4,"column":20},"end":{"line":11,"column":1}},"2":{"start":{"line":5,"column":2},"end":{"line":10,"column":3}},"3":{"start":{"line":6,"column":18},"end":{"line":6,"column":35}},"4":{"start":{"line":7,"column":4},"end":{"line":7,"column":20}},"5":{"start":{"line":9,"column":4},"end":{"line":9,"column":73}},"6":{"start":{"line":14,"column":19},"end":{"line":26,"column":1}},"7":{"start":{"line":15,"column":2},"end":{"line":25,"column":3}},"8":{"start":{"line":16,"column":17},"end":{"line":16,"column":58}},"9":{"start":{"line":18,"column":4},"end":{"line":20,"column":5}},"10":{"start":{"line":19,"column":6},"end":{"line":19,"column":65}},"11":{"start":{"line":22,"column":4},"end":{"line":22,"column":19}},"12":{"start":{"line":24,"column":4},"end":{"line":24,"column":76}},"13":{"start":{"line":29,"column":22},"end":{"line":52,"column":1}},"14":{"start":{"line":30,"column":2},"end":{"line":51,"column":3}},"15":{"start":{"line":31,"column":19},"end":{"line":31,"column":29}},"16":{"start":{"line":32,"column":24},"end":{"line":32,"column":32}},"17":{"start":{"line":35,"column":4},"end":{"line":35,"column":26}},"18":{"start":{"line":36,"column":4},"end":{"line":36,"column":28}},"19":{"start":{"line":38,"column":24},"end":{"line":42,"column":5}},"20":{"start":{"line":44,"column":4},"end":{"line":46,"column":5}},"21":{"start":{"line":45,"column":6},"end":{"line":45,"column":65}},"22":{"start":{"line":48,"column":4},"end":{"line":48,"column":77}},"23":{"start":{"line":50,"column":4},"end":{"line":50,"column":71}},"24":{"start":{"line":54,"column":0},"end":{"line":54,"column":60}}},"fnMap":{"0":{"name":"(anonymous_0)","decl":{"start":{"line":4,"column":20},"end":{"line":4,"column":21}},"loc":{"start":{"line":4,"column":40},"end":{"line":11,"column":1}},"line":4},"1":{"name":"(anonymous_1)","decl":{"start":{"line":14,"column":19},"end":{"line":14,"column":20}},"loc":{"start":{"line":14,"column":39},"end":{"line":26,"column":1}},"line":14},"2":{"name":"(anonymous_2)","decl":{"start":{"line":29,"column":22},"end":{"line":29,"column":23}},"loc":{"start":{"line":29,"column":42},"end":{"line":52,"column":1}},"line":29}},"branchMap":{"0":{"loc":{"start":{"line":18,"column":4},"end":{"line":20,"column":5}},"type":"if","locations":[{"start":{"line":18,"column":4},"end":{"line":20,"column":5}},{"start":{},"end":{}}],"line":18},"1":{"loc":{"start":{"line":44,"column":4},"end":{"line":46,"column":5}},"type":"if","locations":[{"start":{"line":44,"column":4},"end":{"line":46,"column":5}},{"start":{},"end":{}}],"line":44}},"s":{"0":1,"1":1,"2":1,"3":1,"4":1,"5":0,"6":1,"7":2,"8":2,"9":2,"10":1,"11":1,"12":0,"13":1,"14":3,"15":3,"16":3,"17":3,"18":3,"19":3,"20":2,"21":1,"22":1,"23":1,"24":1},"f":{"0":1,"1":2,"2":3},"b":{"0":[1,1],"1":[1,1]},"_coverageSchema":"1a1c01bbd47fc00a2c39e90264f33305004495a9","hash":"3c8abb2ffc103ab2a0d7e0c36e6dcb1a263eb3fa"}
,"/Users/ny/cosc 4353/volunteer-application/backend/models/eventsModel.js": {"path":"/Users/ny/cosc 4353/volunteer-application/backend/models/eventsModel.js","statementMap":{"0":{"start":{"line":1,"column":17},"end":{"line":1,"column":36}},"1":{"start":{"line":4,"column":21},"end":{"line":18,"column":3}},"2":{"start":{"line":20,"column":0},"end":{"line":20,"column":55}}},"fnMap":{},"branchMap":{},"s":{"0":1,"1":1,"2":1},"f":{},"b":{},"_coverageSchema":"1a1c01bbd47fc00a2c39e90264f33305004495a9","hash":"d27933910ba43c578a5b3c644ff1fc6742686512"}
,"/Users/ny/cosc 4353/volunteer-application/backend/models/historyModel.js": {"path":"/Users/ny/cosc 4353/volunteer-application/backend/models/historyModel.js","statementMap":{"0":{"start":{"line":1,"column":17},"end":{"line":1,"column":36}},"1":{"start":{"line":3,"column":27},"end":{"line":17,"column":2}},"2":{"start":{"line":19,"column":21},"end":{"line":19,"column":71}},"3":{"start":{"line":21,"column":0},"end":{"line":21,"column":30}}},"fnMap":{},"branchMap":{},"s":{"0":1,"1":1,"2":1,"3":1},"f":{},"b":{},"_coverageSchema":"1a1c01bbd47fc00a2c39e90264f33305004495a9","hash":"c8d8bcbce2bfd03d2c04cd37815f278c3694a14e"}
,"/Users/ny/cosc 4353/volunteer-application/backend/models/notificationModel.js": {"path":"/Users/ny/cosc 4353/volunteer-application/backend/models/notificationModel.js","statementMap":{"0":{"start":{"line":1,"column":17},"end":{"line":1,"column":36}},"1":{"start":{"line":3,"column":27},"end":{"line":29,"column":24}},"2":{"start":{"line":31,"column":0},"end":{"line":31,"column":68}}},"fnMap":{},"branchMap":{},"s":{"0":1,"1":1,"2":1},"f":{},"b":{},"_coverageSchema":"1a1c01bbd47fc00a2c39e90264f33305004495a9","hash":"e3d1e290f2fb08aae7350863d24b324b9e9284b6"}
,"/Users/ny/cosc 4353/volunteer-application/backend/models/userModel.js": {"path":"/Users/ny/cosc 4353/volunteer-application/backend/models/userModel.js","statementMap":{"0":{"start":{"line":1,"column":17},"end":{"line":1,"column":36}},"1":{"start":{"line":3,"column":19},"end":{"line":20,"column":2}},"2":{"start":{"line":22,"column":0},"end":{"line":22,"column":52}}},"fnMap":{},"branchMap":{},"s":{"0":4,"1":4,"2":4},"f":{},"b":{},"_coverageSchema":"1a1c01bbd47fc00a2c39e90264f33305004495a9","hash":"f5c2a4d225b58cf1b050501f38e2095569774cdb"}
}
