TN:
SF:controllers\authController.js
FN:8,readUsers
FN:19,writeUsers
FN:28,(anonymous_2)
FN:38,(anonymous_3)
FN:90,(anonymous_4)
FN:100,(anonymous_5)
FNF:6
FNH:6
FNDA:5,readUsers
FNDA:1,writeUsers
FNDA:3,(anonymous_2)
FNDA:2,(anonymous_3)
FNDA:4,(anonymous_4)
FNDA:3,(anonymous_5)
DA:1,1
DA:2,1
DA:3,1
DA:4,1
DA:6,1
DA:9,5
DA:10,5
DA:11,5
DA:14,0
DA:15,0
DA:20,1
DA:21,1
DA:24,0
DA:28,1
DA:29,3
DA:30,3
DA:31,1
DA:35,2
DA:38,2
DA:39,2
DA:40,1
DA:43,1
DA:44,1
DA:45,1
DA:47,1
DA:48,1
DA:67,1
DA:70,1
DA:73,1
DA:79,1
DA:85,0
DA:86,0
DA:90,1
DA:91,4
DA:92,4
DA:93,1
DA:97,3
DA:100,3
DA:101,3
DA:102,1
DA:105,2
DA:106,2
DA:107,2
DA:108,1
DA:112,1
DA:118,1
DA:125,0
DA:126,0
LF:48
LH:41
BRDA:30,0,0,1
BRDA:30,0,1,2
BRDA:30,1,0,3
BRDA:30,1,1,2
BRDA:39,2,0,1
BRDA:39,2,1,1
BRDA:50,3,0,1
BRDA:50,3,1,1
BRDA:51,4,0,1
BRDA:51,4,1,1
BRDA:52,5,0,1
BRDA:52,5,1,1
BRDA:53,6,0,1
BRDA:53,6,1,1
BRDA:54,7,0,1
BRDA:54,7,1,1
BRDA:55,8,0,1
BRDA:55,8,1,1
BRDA:56,9,0,1
BRDA:56,9,1,1
BRDA:57,10,0,1
BRDA:57,10,1,1
BRDA:58,11,0,1
BRDA:58,11,1,0
BRDA:59,12,0,1
BRDA:59,12,1,1
BRDA:60,13,0,1
BRDA:60,13,1,1
BRDA:61,14,0,1
BRDA:61,14,1,1
BRDA:63,15,0,1
BRDA:63,15,1,1
BRDA:64,16,0,1
BRDA:64,16,1,1
BRDA:75,17,0,1
BRDA:75,17,1,1
BRDA:92,18,0,1
BRDA:92,18,1,3
BRDA:92,19,0,4
BRDA:92,19,1,3
BRDA:101,20,0,1
BRDA:101,20,1,2
BRDA:107,21,0,1
BRDA:107,21,1,1
BRDA:114,22,0,1
BRDA:114,22,1,1
BRF:46
BRH:45
end_of_record
TN:
SF:controllers\eventsController.js
FN:7,(anonymous_0)
FN:20,(anonymous_1)
FN:42,(anonymous_2)
FN:63,(anonymous_3)
FN:91,(anonymous_4)
FN:92,(anonymous_5)
FN:107,(anonymous_6)
FN:131,(anonymous_7)
FNF:8
FNH:6
FNDA:4,(anonymous_0)
FNDA:5,(anonymous_1)
FNDA:2,(anonymous_2)
FNDA:7,(anonymous_3)
FNDA:0,(anonymous_4)
FNDA:0,(anonymous_5)
FNDA:3,(anonymous_6)
FNDA:3,(anonymous_7)
DA:1,1
DA:2,1
DA:7,1
DA:8,4
DA:9,4
DA:10,3
DA:11,2
DA:13,1
DA:15,1
DA:20,1
DA:21,5
DA:22,5
DA:24,5
DA:25,0
DA:28,5
DA:29,1
DA:32,4
DA:35,0
DA:42,1
DA:43,2
DA:44,2
DA:45,2
DA:47,2
DA:48,2
DA:52,1
DA:57,1
DA:63,1
DA:64,7
DA:65,7
DA:68,7
DA:70,7
DA:71,1
DA:74,6
DA:76,6
DA:77,1
DA:81,5
DA:86,5
DA:87,0
DA:91,5
DA:92,0
DA:95,0
DA:96,0
DA:99,0
DA:101,5
DA:102,5
DA:107,1
DA:108,3
DA:109,3
DA:110,3
DA:112,3
DA:114,2
DA:115,1
DA:118,1
DA:123,1
DA:131,1
DA:132,3
DA:133,3
DA:135,3
DA:136,2
DA:137,1
DA:140,1
DA:142,1
DA:146,1
LF:63
LH:56
BRDA:10,0,0,2
BRDA:10,0,1,1
BRDA:10,1,0,3
BRDA:10,1,1,2
BRDA:24,2,0,0
BRDA:24,2,1,5
BRDA:28,3,0,1
BRDA:28,3,1,4
BRDA:28,4,0,5
BRDA:28,4,1,5
BRDA:70,5,0,1
BRDA:70,5,1,6
BRDA:76,6,0,1
BRDA:76,6,1,5
BRDA:86,7,0,0
BRDA:86,7,1,5
BRDA:86,8,0,5
BRDA:86,8,1,5
BRDA:92,9,0,0
BRDA:92,9,1,0
BRDA:95,10,0,0
BRDA:95,10,1,0
BRDA:114,11,0,1
BRDA:114,11,1,1
BRDA:136,12,0,1
BRDA:136,12,1,1
BRF:26
BRH:20
end_of_record
TN:
SF:controllers\historyController.js
FN:6,(anonymous_0)
FN:27,(anonymous_1)
FN:41,(anonymous_2)
FN:54,(anonymous_3)
FNF:4
FNH:3
FNDA:4,(anonymous_0)
FNDA:3,(anonymous_1)
FNDA:0,(anonymous_2)
FNDA:3,(anonymous_3)
DA:1,1
DA:2,1
DA:3,1
DA:6,1
DA:7,4
DA:8,4
DA:10,0
DA:11,0
DA:14,0
DA:16,0
DA:17,0
DA:20,0
DA:22,4
DA:27,1
DA:28,3
DA:29,3
DA:31,0
DA:32,0
DA:35,0
DA:37,0
DA:38,0
DA:41,0
DA:43,0
DA:44,0
DA:47,0
DA:49,3
DA:54,1
DA:55,3
DA:56,3
DA:57,3
DA:60,3
DA:62,0
DA:63,0
DA:67,0
DA:69,0
DA:70,0
DA:74,0
DA:77,0
DA:79,0
DA:81,2
DA:82,2
DA:86,1
LF:42
LH:19
BRDA:10,0,0,0
BRDA:10,0,1,0
BRDA:16,1,0,0
BRDA:16,1,1,0
BRDA:31,2,0,0
BRDA:31,2,1,0
BRDA:37,3,0,0
BRDA:37,3,1,0
BRDA:43,4,0,0
BRDA:43,4,1,0
BRDA:62,5,0,0
BRDA:62,5,1,0
BRDA:69,6,0,0
BRDA:69,6,1,0
BRF:14
BRH:0
end_of_record
TN:
SF:models\eventsModel.js
FNF:0
FNH:0
DA:1,1
DA:4,1
DA:20,1
LF:3
LH:3
BRF:0
BRH:0
end_of_record
TN:
SF:models\historyModel.js
FNF:0
FNH:0
DA:1,1
DA:3,1
DA:19,1
DA:21,1
LF:4
LH:4
BRF:0
BRH:0
end_of_record
TN:
SF:models\userModel.js
FNF:0
FNH:0
DA:1,2
DA:3,2
DA:22,2
LF:3
LH:3
BRF:0
BRH:0
end_of_record
