TN:
SF:controllers\authController.js
FN:29,(anonymous_0)
FN:98,(anonymous_1)
FNF:2
FNH:2
FNDA:3,(anonymous_0)
FNDA:4,(anonymous_1)
DA:3,1
DA:4,1
DA:5,1
DA:29,1
DA:30,3
DA:31,3
DA:33,3
DA:34,1
DA:41,2
DA:42,0
DA:43,0
DA:47,0
DA:49,0
DA:56,0
DA:81,0
DA:87,0
DA:93,2
DA:94,2
DA:98,1
DA:99,4
DA:100,4
DA:102,4
DA:103,1
DA:110,3
DA:111,0
DA:112,0
DA:115,0
DA:116,0
DA:117,0
DA:121,0
DA:127,0
DA:134,2
DA:135,2
LF:33
LH:19
BRDA:33,0,0,1
BRDA:33,0,1,2
BRDA:33,1,0,3
BRDA:33,1,1,2
BRDA:42,2,0,0
BRDA:42,2,1,0
BRDA:58,3,0,0
BRDA:58,3,1,0
BRDA:59,4,0,0
BRDA:59,4,1,0
BRDA:60,5,0,0
BRDA:60,5,1,0
BRDA:61,6,0,0
BRDA:61,6,1,0
BRDA:62,7,0,0
BRDA:62,7,1,0
BRDA:63,8,0,0
BRDA:63,8,1,0
BRDA:64,9,0,0
BRDA:64,9,1,0
BRDA:65,10,0,0
BRDA:65,10,1,0
BRDA:66,11,0,0
BRDA:66,11,1,0
BRDA:67,12,0,0
BRDA:67,12,1,0
BRDA:68,13,0,0
BRDA:68,13,1,0
BRDA:69,14,0,0
BRDA:69,14,1,0
BRDA:71,15,0,0
BRDA:71,15,1,0
BRDA:72,16,0,0
BRDA:72,16,1,0
BRDA:83,17,0,0
BRDA:83,17,1,0
BRDA:102,18,0,1
BRDA:102,18,1,3
BRDA:102,19,0,4
BRDA:102,19,1,3
BRDA:111,20,0,0
BRDA:111,20,1,0
BRDA:116,21,0,0
BRDA:116,21,1,0
BRDA:123,22,0,0
BRDA:123,22,1,0
BRF:46
BRH:8
end_of_record
TN:
SF:controllers\eventsController.js
FN:7,(anonymous_0)
FN:19,(anonymous_1)
FN:39,(anonymous_2)
FN:61,(anonymous_3)
FN:86,(anonymous_4)
FN:87,(anonymous_5)
FN:102,(anonymous_6)
FN:142,(anonymous_7)
FN:161,(anonymous_8)
FNF:9
FNH:5
FNDA:1,(anonymous_0)
FNDA:0,(anonymous_1)
FNDA:2,(anonymous_2)
FNDA:1,(anonymous_3)
FNDA:0,(anonymous_4)
FNDA:0,(anonymous_5)
FNDA:1,(anonymous_6)
FNDA:0,(anonymous_7)
FNDA:1,(anonymous_8)
DA:1,1
DA:2,1
DA:7,1
DA:8,1
DA:9,1
DA:10,0
DA:11,0
DA:14,1
DA:15,1
DA:19,1
DA:20,0
DA:21,0
DA:23,0
DA:25,0
DA:26,0
DA:27,0
DA:30,0
DA:32,0
DA:33,0
DA:39,1
DA:40,2
DA:41,2
DA:42,2
DA:44,2
DA:45,2
DA:49,0
DA:54,1
DA:55,1
DA:61,1
DA:62,1
DA:63,1
DA:66,0
DA:68,0
DA:69,0
DA:70,0
DA:73,0
DA:75,0
DA:76,0
DA:80,0
DA:81,0
DA:82,0
DA:86,0
DA:87,0
DA:90,0
DA:91,0
DA:94,0
DA:96,1
DA:97,1
DA:102,1
DA:103,1
DA:104,1
DA:105,1
DA:106,1
DA:107,1
DA:109,1
DA:110,0
DA:111,0
DA:115,0
DA:116,0
DA:117,0
DA:120,0
DA:121,0
DA:124,0
DA:127,0
DA:129,0
DA:132,0
DA:134,0
DA:137,0
DA:138,0
DA:142,0
DA:143,0
DA:144,0
DA:149,0
DA:150,0
DA:152,1
DA:153,1
DA:161,1
DA:162,1
DA:163,1
DA:165,1
DA:166,0
DA:167,0
DA:170,0
DA:172,1
DA:176,1
LF:85
LH:36
BRDA:25,0,0,0
BRDA:25,0,1,0
BRDA:25,1,0,0
BRDA:25,1,1,0
BRDA:68,2,0,0
BRDA:68,2,1,0
BRDA:75,3,0,0
BRDA:75,3,1,0
BRDA:81,4,0,0
BRDA:81,4,1,0
BRDA:81,5,0,0
BRDA:81,5,1,0
BRDA:87,6,0,0
BRDA:87,6,1,0
BRDA:90,7,0,0
BRDA:90,7,1,0
BRDA:110,8,0,0
BRDA:110,8,1,0
BRDA:115,9,0,0
BRDA:115,9,1,0
BRDA:116,10,0,0
BRDA:116,10,1,0
BRDA:120,11,0,0
BRDA:120,11,1,0
BRDA:143,12,0,0
BRDA:143,12,1,0
BRDA:166,13,0,0
BRDA:166,13,1,0
BRF:28
BRH:0
end_of_record
TN:
SF:controllers\historyController.js
FN:6,(anonymous_0)
FN:27,(anonymous_1)
FN:41,(anonymous_2)
FN:54,(anonymous_3)
FNF:4
FNH:4
FNDA:4,(anonymous_0)
FNDA:3,(anonymous_1)
FNDA:2,(anonymous_2)
FNDA:3,(anonymous_3)
DA:1,1
DA:2,1
DA:3,1
DA:6,1
DA:7,4
DA:8,4
DA:10,3
DA:11,1
DA:14,2
DA:16,2
DA:17,1
DA:20,1
DA:22,1
DA:27,1
DA:28,3
DA:29,3
DA:31,2
DA:32,0
DA:35,2
DA:37,2
DA:38,0
DA:41,2
DA:43,2
DA:44,1
DA:47,1
DA:49,1
DA:54,1
DA:55,3
DA:56,3
DA:57,3
DA:60,3
DA:62,2
DA:63,1
DA:67,1
DA:69,1
DA:70,0
DA:74,1
DA:77,1
DA:79,1
DA:81,1
DA:82,1
DA:86,1
LF:42
LH:39
BRDA:10,0,0,1
BRDA:10,0,1,2
BRDA:16,1,0,1
BRDA:16,1,1,1
BRDA:31,2,0,0
BRDA:31,2,1,2
BRDA:37,3,0,0
BRDA:37,3,1,2
BRDA:43,4,0,1
BRDA:43,4,1,1
BRDA:62,5,0,1
BRDA:62,5,1,1
BRDA:69,6,0,0
BRDA:69,6,1,1
BRF:14
BRH:11
end_of_record
TN:
SF:controllers\notificationController.js
FN:4,(anonymous_0)
FN:21,(anonymous_1)
FN:37,(anonymous_2)
FN:53,(anonymous_3)
FNF:4
FNH:4
FNDA:2,(anonymous_0)
FNDA:3,(anonymous_1)
FNDA:3,(anonymous_2)
FNDA:3,(anonymous_3)
DA:1,1
DA:4,1
DA:5,2
DA:6,2
DA:8,2
DA:10,2
DA:11,1
DA:14,1
DA:16,0
DA:21,1
DA:22,3
DA:23,3
DA:24,3
DA:26,2
DA:27,1
DA:30,1
DA:32,1
DA:37,1
DA:38,3
DA:39,3
DA:40,3
DA:42,2
DA:43,1
DA:46,1
DA:48,1
DA:53,1
DA:54,3
DA:55,3
DA:58,3
DA:59,1
DA:65,2
DA:68,0
DA:70,0
DA:71,0
DA:72,0
DA:76,0
DA:85,0
DA:88,0
DA:94,2
DA:96,2
DA:103,1
LF:41
LH:33
BRDA:10,0,0,1
BRDA:10,0,1,1
BRDA:26,1,0,1
BRDA:26,1,1,1
BRDA:42,2,0,1
BRDA:42,2,1,1
BRDA:58,3,0,1
BRDA:58,3,1,2
BRDA:58,4,0,3
BRDA:58,4,1,2
BRDA:58,4,2,2
BRDA:70,5,0,0
BRDA:70,5,1,0
BRDA:70,6,0,0
BRDA:70,6,1,0
BRF:15
BRH:11
end_of_record
TN:
SF:controllers\profileController.js
FN:4,(anonymous_0)
FN:14,(anonymous_1)
FN:29,(anonymous_2)
FNF:3
FNH:3
FNDA:1,(anonymous_0)
FNDA:2,(anonymous_1)
FNDA:3,(anonymous_2)
DA:1,1
DA:4,1
DA:5,1
DA:6,1
DA:7,1
DA:9,0
DA:14,1
DA:15,2
DA:16,2
DA:18,2
DA:19,1
DA:22,1
DA:24,0
DA:29,1
DA:30,3
DA:31,3
DA:32,3
DA:35,3
DA:36,3
DA:38,3
DA:44,2
DA:45,1
DA:48,1
DA:50,1
DA:54,1
LF:25
LH:23
BRDA:18,0,0,1
BRDA:18,0,1,1
BRDA:44,1,0,1
BRDA:44,1,1,1
BRF:4
BRH:4
end_of_record
TN:
SF:models\eventsModel.js
FNF:0
FNH:0
DA:1,1
DA:4,1
DA:20,1
LF:3
LH:3
BRF:0
BRH:0
end_of_record
TN:
SF:models\historyModel.js
FNF:0
FNH:0
DA:1,1
DA:3,1
DA:19,1
DA:21,1
LF:4
LH:4
BRF:0
BRH:0
end_of_record
TN:
SF:models\notificationModel.js
FNF:0
FNH:0
DA:1,1
DA:3,1
DA:31,1
LF:3
LH:3
BRF:0
BRH:0
end_of_record
TN:
SF:models\userModel.js
FNF:0
FNH:0
DA:1,4
DA:3,4
DA:22,4
LF:3
LH:3
BRF:0
BRH:0
end_of_record
